[2019-05-17_10-57-54.181846]-[framework]-[info]: Begin to start controller
[2019-05-17_10-57-54.182346]-[framework]-[info]: start configuration engine
[2019-05-17_10-57-54.442835]-[configuration]-[info]: configuration engine PID is 61828
[2019-05-17_10-57-54.443336]-[analyzer]-[info]: Load Data from file 
[2019-05-17_10-57-54.445843]-[analyzer]-[info]: generate Data
[2019-05-17_10-57-54.446344]-[configuration]-[info]: Init windows_build_server1
[2019-05-17_10-57-54.446846]-[configuration]-[info]: Init windows_deploy_server1
[2019-05-17_10-57-54.446846]-[Validator]-[info]: validate windows_build_server1 finished
[2019-05-17_10-57-54.447347]-[Validator]-[info]: validate windows_deploy_server1 finished
[2019-05-17_10-57-54.457919]-[framework]-[info]: configurator  finished
[2019-05-17_10-57-54.458397]-[framework]-[info]: start assemble engine
[2019-05-17_10-57-54.468422]-[framework]-[info]: assemble finished
[2019-05-17_10-57-54.468924]-[framework]-[info]: start execution engine
[2019-05-17_10-57-54.479453]-[framework]-[info]: execution finished
[2019-05-17_10-57-54.762732]-[assemble]-[info]: #[thread1] ***************begin to refresh queue *****************
[2019-05-17_10-57-54.763233]-[assemble]-[info]: [thread2] ************************ Begine to assemble... **********************
[2019-05-17_10-57-54.763735]-[analyzer]-[info]: Load Data from file 
[2019-05-17_10-57-54.763735]-[analyzer]-[info]: generate Data
[2019-05-17_10-57-54.764238]-[assemble]-[info]: [thread1] ***************finish refresh queue *****************
[2019-05-17_10-57-54.764737]-[assemble]-[info]: [thread1] left task in assemble queue: 0
[2019-05-17_10-57-55.763914]-[Execution]-[info]: [thred_4] task_list left: 0
[2019-05-17_10-57-55.764466]-[Execution]-[info]: [thred_4] task_list now is : []
[2019-05-17_10-57-57.479777]-[framework]-[info]: assembly engine current status is True
[2019-05-17_10-57-57.480255]-[framework]-[info]: execution engine current status is True
