[2019-05-17_13-20-01.794246]-[framework]-[info]: Begin to start controller
[2019-05-17_13-20-01.794746]-[framework]-[info]: start configuration engine
[2019-05-17_13-20-02.058455]-[configuration]-[info]: configuration engine PID is 60900
[2019-05-17_13-20-02.058957]-[analyzer]-[info]: Load Data from file 
[2019-05-17_13-20-02.061465]-[analyzer]-[info]: generate Data
[2019-05-17_13-20-02.061465]-[configuration]-[info]: Init windows_build_server1
[2019-05-17_13-20-02.061969]-[configuration]-[info]: Init windows_deploy_server1
[2019-05-17_13-20-02.062467]-[Validator]-[info]: validate windows_build_server1 finished
[2019-05-17_13-20-02.062925]-[Validator]-[info]: validate windows_deploy_server1 finished
[2019-05-17_13-20-02.072361]-[framework]-[info]: configurator  finished
[2019-05-17_13-20-02.072865]-[framework]-[info]: start assemble engine
[2019-05-17_13-20-02.081405]-[framework]-[info]: assemble finished
[2019-05-17_13-20-02.081865]-[framework]-[info]: start execution engine
[2019-05-17_13-20-02.095399]-[framework]-[info]: execution finished
[2019-05-17_13-20-02.531553]-[assemble]-[info]: [thread2] ************************ Begine to assemble... **********************
[2019-05-17_13-20-02.532555]-[analyzer]-[info]: Load Data from file 
[2019-05-17_13-20-02.533058]-[analyzer]-[info]: generate Data
[2019-05-17_13-20-02.536566]-[assemble]-[info]: [thread1] ***************finish refresh queue *****************
[2019-05-17_13-20-02.538571]-[assemble]-[info]: [thread1] left task in assemble queue: 0
[2019-05-17_13-20-03.532796]-[Execution]-[info]: [thred_4] task_list left: 0
[2019-05-17_13-20-03.533298]-[Execution]-[info]: [thred_4] task_list now is : []
[2019-05-17_13-20-29.283708]-[framework]-[info]: Begin to start controller
[2019-05-17_13-20-29.284209]-[framework]-[info]: start configuration engine
[2019-05-17_13-20-29.537907]-[configuration]-[info]: configuration engine PID is 34596
[2019-05-17_13-20-29.538381]-[analyzer]-[info]: Load Data from file 
[2019-05-17_13-20-29.540956]-[analyzer]-[info]: generate Data
[2019-05-17_13-20-29.541417]-[configuration]-[info]: Init windows_build_server1
[2019-05-17_13-20-29.541932]-[configuration]-[info]: Init windows_deploy_server1
[2019-05-17_13-20-29.542391]-[Validator]-[info]: validate windows_build_server1 finished
[2019-05-17_13-20-29.542391]-[Validator]-[info]: validate windows_deploy_server1 finished
[2019-05-17_13-20-29.543394]-[framework]-[info]: configurator  finished
[2019-05-17_13-20-29.543896]-[framework]-[info]: start assemble engine
[2019-05-17_13-20-29.553922]-[framework]-[info]: assemble finished
[2019-05-17_13-20-29.554924]-[framework]-[info]: start execution engine
[2019-05-17_13-20-29.564950]-[framework]-[info]: execution finished
[2019-05-17_13-20-29.826142]-[assemble]-[info]: [thread2] ************************ Begine to assemble... **********************
[2019-05-17_13-20-29.827145]-[analyzer]-[info]: Load Data from file 
[2019-05-17_13-20-29.838676]-[analyzer]-[info]: generate Data
[2019-05-17_13-20-29.840180]-[assemble]-[info]: [thread1]--insert task1 to assemble queue list
[2019-05-17_13-20-29.842686]-[assemble]-[info]: [thread1]--insert task2 to assemble queue list
[2019-05-17_13-20-29.844190]-[assemble]-[info]: [thread1]--insert task3 to assemble queue list
[2019-05-17_13-20-29.846196]-[assemble]-[info]: [thread1]--insert task4 to assemble queue list
[2019-05-17_13-20-29.847702]-[assemble]-[info]: [thread1] ***************finish refresh queue *****************
[2019-05-17_13-20-29.847702]-[assemble]-[info]: [thread1] left task in assemble queue: 4
[2019-05-17_13-20-30.841410]-[Execution]-[info]: [thred_4] task_list left: 0
[2019-05-17_13-20-30.841918]-[Execution]-[info]: [thred_4] task_list now is : []
[2019-05-17_13-20-32.566055]-[framework]-[info]: assembly engine current status is True
[2019-05-17_13-20-32.566548]-[framework]-[info]: execution engine current status is True
[2019-05-17_13-20-35.567547]-[framework]-[info]: assembly engine current status is True
[2019-05-17_13-20-35.568048]-[framework]-[info]: execution engine current status is True
[2019-05-17_13-20-36.843279]-[Execution]-[info]: [thred_4] task_list left: 0
[2019-05-17_13-20-36.843780]-[Execution]-[info]: [thred_4] task_list now is : []
[2019-05-17_13-20-38.568885]-[framework]-[info]: assembly engine current status is True
[2019-05-17_13-20-38.569417]-[framework]-[info]: execution engine current status is True
[2019-05-17_13-20-39.849506]-[assemble]-[info]: #[thread1] ***************begin to refresh queue *****************
[2019-05-17_13-20-39.850007]-[analyzer]-[info]: Load Data from file 
[2019-05-17_13-20-39.850508]-[analyzer]-[info]: generate Data
[2019-05-17_13-20-39.851009]-[assemble]-[info]: [thread1] ***************finish refresh queue *****************
[2019-05-17_13-20-39.852012]-[assemble]-[info]: [thread1] left task in assemble queue: 4
[2019-05-17_13-20-40.827917]-[assemble]-[info]: [thread2] ************************ Begine to assemble... **********************
[2019-05-17_13-20-40.827917]-[Validator]-[info]: validate uut1 finished
[2019-05-17_13-20-40.828415]-[Validator]-[info]: validate uut2 finished
[2019-05-17_13-20-40.828897]-[Validator]-[info]: validate task1 scripts finished
[2019-05-17_13-20-40.829375]-[Assemble Queue]-[info]: Assembly Queue build task1 on windows_build_server1
[2019-05-17_13-20-40.829885]-[Build host]-[info]: build task1 PASS
[2019-05-17_13-20-40.829885]-[assemble]-[info]: [thread2]-Send task1 to Thread3 (execution engine)
[2019-05-17_13-20-40.830428]-[assemble]-[info]: [thread2]-remove task1 from assemble queue list
[2019-05-17_13-20-40.830880]-[assemble]-[info]: [thread2]task left in assemble queue: 3
[2019-05-17_13-20-40.831381]-[assemble]-[info]: [thread2] **************task1 assemble finished****************
[2019-05-17_13-20-40.836395]-[Execution]-[info]: [thred_3] receive: task1
[2019-05-17_13-20-40.837427]-[Execution]-[info]: [thred_3] append task1 to task_list
[2019-05-17_13-20-40.837427]-[Execution]-[info]: [thred_3] task_list now is [<Framework_Kernel.task.Task object at 0x000002281B7FCE10>]
[2019-05-17_13-20-41.570658]-[framework]-[info]: assembly engine current status is True
[2019-05-17_13-20-41.571160]-[framework]-[info]: execution engine current status is True
[2019-05-17_13-20-41.838598]-[assemble]-[info]: [thread2] ************************ Begine to assemble... **********************
[2019-05-17_13-20-41.839635]-[Validator]-[info]: validate uut1 finished
[2019-05-17_13-20-41.839635]-[Validator]-[info]: validate task2 scripts finished
[2019-05-17_13-20-41.840134]-[Assemble Queue]-[info]: Assembly Queue build task2 on windows_build_server1
[2019-05-17_13-20-41.840634]-[Build host]-[info]: build task2 PASS
[2019-05-17_13-20-41.841137]-[assemble]-[info]: [thread2]-Send task2 to Thread3 (execution engine)
[2019-05-17_13-20-41.841634]-[assemble]-[info]: [thread2]-remove task2 from assemble queue list
[2019-05-17_13-20-41.841634]-[assemble]-[info]: [thread2]task left in assemble queue: 2
[2019-05-17_13-20-41.842156]-[assemble]-[info]: [thread2] **************task2 assemble finished****************
[2019-05-17_13-20-41.847671]-[Execution]-[info]: [thred_3] receive: task2
[2019-05-17_13-20-41.848158]-[Execution]-[info]: [thred_3] append task2 to task_list
[2019-05-17_13-20-41.848654]-[Execution]-[info]: [thred_3] task_list now is [<Framework_Kernel.task.Task object at 0x000002281B7FCE10>, <Framework_Kernel.task.Task object at 0x000002281B7FCFD0>]
[2019-05-17_13-20-42.843168]-[assemble]-[info]: [thread2] ************************ Begine to assemble... **********************
[2019-05-17_13-20-42.843614]-[Validator]-[info]: validate uut1 finished
[2019-05-17_13-20-42.844115]-[Validator]-[info]: validate task3 scripts finished
[2019-05-17_13-20-42.844617]-[Assemble Queue]-[info]: Assembly Queue build task3 on windows_build_server1
[2019-05-17_13-20-42.844617]-[Build host]-[info]: build task3 PASS
[2019-05-17_13-20-42.845172]-[assemble]-[info]: [thread2]-Send task3 to Thread3 (execution engine)
[2019-05-17_13-20-42.845619]-[assemble]-[info]: [thread2]-remove task3 from assemble queue list
[2019-05-17_13-20-42.846621]-[assemble]-[info]: [thread2]task left in assemble queue: 1
[2019-05-17_13-20-42.847123]-[assemble]-[info]: [thread2] **************task3 assemble finished****************
[2019-05-17_13-20-42.850430]-[Execution]-[info]: [thred_3] receive: task3
[2019-05-17_13-20-42.851431]-[Execution]-[info]: [thred_3] append task3 to task_list
[2019-05-17_13-20-42.851951]-[Execution]-[info]: [thred_3] task_list now is [<Framework_Kernel.task.Task object at 0x000002281B7FCE10>, <Framework_Kernel.task.Task object at 0x000002281B7FCFD0>, <Framework_Kernel.task.Task object at 0x000002281B803D30>]
[2019-05-17_13-20-42.906429]-[Execution]-[info]: [thred_4] task_list left: 2
[2019-05-17_13-20-42.906963]-[Execute Queue]-[info]: Execute Queue deploy task1 to uut1 with windows_deploy_server1
[2019-05-17_13-20-42.907482]-[Deploy host]-[info]: deploy package: task1 Pass
[2019-05-17_13-20-42.907934]-[Execute Queue]-[info]: Execute Queue execute task1 on uut1
[2019-05-17_13-20-42.908435]-[uut]-[info]: execute task1 on  uut1
[2019-05-17_13-20-42.908435]-[Execute Queue]-[info]: Execute Queue execute task1 on uut2
[2019-05-17_13-20-42.908971]-[uut]-[info]: execute task1 on  uut1
[2019-05-17_13-20-42.909453]-[Execute Queue]-[info]: Execute Queue check status task1 on uut1
[2019-05-17_13-20-42.909939]-[uut]-[info]: check task1 status on uut1
[2019-05-17_13-20-42.909939]-[Execute Queue]-[info]: Execute Queue check status task1 on uut2
[2019-05-17_13-20-42.910473]-[uut]-[info]: check task1 status on uut1
[2019-05-17_13-20-42.910984]-[Execute Queue]-[info]: Execute Queue collect result task1 from uut1
[2019-05-17_13-20-42.911443]-[uut]-[info]: collect task1 result from uut1
[2019-05-17_13-20-42.911944]-[Execute Queue]-[info]: Execute Queue collect result task1 from uut2
[2019-05-17_13-20-42.911944]-[uut]-[info]: collect task1 result from uut1
[2019-05-17_13-20-42.953554]-[report]-[info]: generate task1.html finished
[2019-05-17_13-20-42.954055]-[Execution]-[info]: [thred_4] remove task1 from task_list
[2019-05-17_13-20-42.954556]-[Execution]-[info]: [thred_4] remove task1 from execute queue
[2019-05-17_13-20-42.955058]-[Execution]-[info]: [thred_4] task left in execute queue: 2
[2019-05-17_13-20-42.955558]-[Execution]-[info]: [thred_4] task_list now is : ['task2', 'task3']
[2019-05-17_13-20-43.848243]-[assemble]-[info]: [thread2] ************************ Begine to assemble... **********************
[2019-05-17_13-20-43.848243]-[Validator]-[info]: validate uut4 finished
[2019-05-17_13-20-43.848741]-[Validator]-[info]: validate task4 scripts finished
[2019-05-17_13-20-43.849242]-[Assemble Queue]-[info]: Assembly Queue build task4 on windows_build_server1
[2019-05-17_13-20-43.849694]-[Build host]-[info]: build task4 PASS
[2019-05-17_13-20-43.850247]-[assemble]-[info]: [thread2]-Send task4 to Thread3 (execution engine)
[2019-05-17_13-20-43.850697]-[assemble]-[info]: [thread2]-remove task4 from assemble queue list
[2019-05-17_13-20-43.851213]-[assemble]-[info]: [thread2]task left in assemble queue: 0
[2019-05-17_13-20-43.851700]-[assemble]-[info]: [thread2] **************task4 assemble finished****************
[2019-05-17_13-20-43.858751]-[Execution]-[info]: [thred_3] receive: task4
[2019-05-17_13-20-43.859269]-[Execution]-[info]: [thred_3] append task4 to task_list
[2019-05-17_13-20-43.859773]-[Execution]-[info]: [thred_3] task_list now is [<Framework_Kernel.task.Task object at 0x000002281B7FCFD0>, <Framework_Kernel.task.Task object at 0x000002281B803D30>, <Framework_Kernel.task.Task object at 0x000002281B7FC748>]
[2019-05-17_13-20-44.572433]-[framework]-[info]: assembly engine current status is True
[2019-05-17_13-20-44.572935]-[framework]-[info]: execution engine current status is True
[2019-05-17_13-20-44.858520]-[assemble]-[info]: [thread2] ************************ Begine to assemble... **********************
[2019-05-17_13-20-47.573438]-[framework]-[info]: assembly engine current status is True
[2019-05-17_13-20-47.573902]-[framework]-[info]: execution engine current status is True
[2019-05-17_13-20-48.956872]-[Execution]-[info]: [thred_4] task_list left: 3
[2019-05-17_13-20-48.957394]-[Execute Queue]-[info]: Execute Queue deploy task2 to uut1 with windows_deploy_server1
[2019-05-17_13-20-48.957394]-[Deploy host]-[info]: deploy package: task2 Pass
[2019-05-17_13-20-48.957870]-[Execute Queue]-[info]: Execute Queue execute task2 on uut1
[2019-05-17_13-20-48.958397]-[uut]-[info]: execute task2 on  uut1
[2019-05-17_13-20-48.958873]-[Execute Queue]-[info]: Execute Queue check status task2 on uut1
[2019-05-17_13-20-48.958873]-[uut]-[info]: check task2 status on uut1
[2019-05-17_13-20-48.959374]-[Execute Queue]-[info]: Execute Queue collect result task2 from uut1
[2019-05-17_13-20-48.959876]-[uut]-[info]: collect task2 result from uut1
[2019-05-17_13-20-48.994008]-[report]-[info]: generate task2.html finished
[2019-05-17_13-20-48.994008]-[Execution]-[info]: [thred_4] remove task2 from task_list
[2019-05-17_13-20-48.994467]-[Execution]-[info]: [thred_4] remove task2 from execute queue
[2019-05-17_13-20-48.994969]-[Execution]-[info]: [thred_4] task left in execute queue: 2
[2019-05-17_13-20-48.995507]-[Execution]-[info]: [thred_4] task_list now is : ['task3', 'task4']
[2019-05-17_13-20-49.852995]-[assemble]-[info]: #[thread1] ***************begin to refresh queue *****************
[2019-05-17_13-20-49.853506]-[analyzer]-[info]: Load Data from file 
[2019-05-17_13-20-49.854001]-[analyzer]-[info]: generate Data
[2019-05-17_13-20-49.854468]-[assemble]-[info]: [thread1] ***************finish refresh queue *****************
[2019-05-17_13-20-49.854468]-[assemble]-[info]: [thread1] left task in assemble queue: 0
[2019-05-17_13-20-50.574836]-[framework]-[info]: assembly engine current status is True
[2019-05-17_13-20-50.575337]-[framework]-[info]: execution engine current status is True
[2019-05-17_13-20-53.576114]-[framework]-[info]: assembly engine current status is True
[2019-05-17_13-20-53.576615]-[framework]-[info]: execution engine current status is True
[2019-05-17_13-20-54.996157]-[Execution]-[info]: [thred_4] task_list left: 2
[2019-05-17_13-20-54.996659]-[Execute Queue]-[info]: Execute Queue deploy task3 to uut1 with windows_deploy_server1
[2019-05-17_13-20-54.997184]-[Deploy host]-[info]: deploy package: task3 Pass
[2019-05-17_13-20-54.997184]-[Execute Queue]-[info]: Execute Queue execute task3 on uut1
[2019-05-17_13-20-54.997685]-[uut]-[info]: execute task3 on  uut1
[2019-05-17_13-20-54.998163]-[Execute Queue]-[info]: Execute Queue check status task3 on uut1
[2019-05-17_13-20-54.998688]-[uut]-[info]: check task3 status on uut1
[2019-05-17_13-20-54.998688]-[Execute Queue]-[info]: Execute Queue collect result task3 from uut1
[2019-05-17_13-20-54.999189]-[uut]-[info]: collect task3 result from uut1
[2019-05-17_13-20-55.033255]-[report]-[info]: generate task3.html finished
[2019-05-17_13-20-55.033757]-[Execution]-[info]: [thred_4] remove task3 from task_list
[2019-05-17_13-20-55.034258]-[Execution]-[info]: [thred_4] remove task3 from execute queue
[2019-05-17_13-20-55.034759]-[Execution]-[info]: [thred_4] task left in execute queue: 1
[2019-05-17_13-20-55.035261]-[Execution]-[info]: [thred_4] task_list now is : ['task4']
[2019-05-17_13-20-55.860442]-[assemble]-[info]: [thread2] ************************ Begine to assemble... **********************
[2019-05-17_13-20-56.577544]-[framework]-[info]: assembly engine current status is True
[2019-05-17_13-20-56.578045]-[framework]-[info]: execution engine current status is True
[2019-05-17_13-20-59.579307]-[framework]-[info]: assembly engine current status is True
[2019-05-17_13-20-59.579811]-[framework]-[info]: execution engine current status is True
[2019-05-17_13-20-59.862608]-[assemble]-[info]: #[thread1] ***************begin to refresh queue *****************
[2019-05-17_13-20-59.863109]-[analyzer]-[info]: Load Data from file 
[2019-05-17_13-20-59.863610]-[analyzer]-[info]: generate Data
[2019-05-17_13-20-59.864112]-[assemble]-[info]: [thread1] ***************finish refresh queue *****************
[2019-05-17_13-20-59.864112]-[assemble]-[info]: [thread1] left task in assemble queue: 0
