[2019-05-17_12-47-00.259853]-[Execution]-[info]: [thred_4] task_list left: 0
[2019-05-17_12-47-00.260811]-[Execution]-[info]: [thred_4] task_list now is : []
[2019-05-17_12-47-02.003011]-[framework]-[info]: assembly engine current status is True
[2019-05-17_12-47-02.003479]-[framework]-[info]: execution engine current status is True
[2019-05-17_12-47-05.003999]-[framework]-[info]: assembly engine current status is True
[2019-05-17_12-47-05.004480]-[framework]-[info]: execution engine current status is True
[2019-05-17_12-47-06.262342]-[Execution]-[info]: [thred_4] task_list left: 0
[2019-05-17_12-47-06.262896]-[Execution]-[info]: [thred_4] task_list now is : []
[2019-05-17_12-47-08.004958]-[framework]-[info]: assembly engine current status is True
[2019-05-17_12-47-08.014481]-[framework]-[info]: execution engine current status is True
[2019-05-17_12-47-09.263987]-[assemble]-[info]: #[thread1] ***************begin to refresh queue *****************
[2019-05-17_12-47-09.264488]-[analyzer]-[info]: Load Data from file 
[2019-05-17_12-47-09.264990]-[analyzer]-[info]: generate Data
[2019-05-17_12-47-09.265491]-[assemble]-[info]: [thread1] ***************finish refresh queue *****************
[2019-05-17_12-47-09.265992]-[assemble]-[info]: [thread1] left task in assemble queue: 1
[2019-05-17_12-47-10.259289]-[assemble]-[info]: [thread2] ************************ Begine to assemble... **********************
[2019-05-17_12-47-10.259790]-[Validator]-[info]: validate uut1 finished
[2019-05-17_12-47-10.260291]-[Validator]-[info]: validate uut2 finished
[2019-05-17_12-47-10.260291]-[Validator]-[info]: validate task1 scripts finished
[2019-05-17_12-47-10.260836]-[Assemble Queue]-[info]: Assembly Queue build task1 on windows_build_server1
[2019-05-17_12-47-10.261340]-[Build host]-[info]: build task1 PASS
[2019-05-17_12-47-10.261795]-[assemble]-[info]: [thread2]-Send task1 to Thread3 (execution engine)
[2019-05-17_12-47-10.262296]-[assemble]-[info]: [thread2]-remove task1 from assemble queue list
[2019-05-17_12-47-10.262798]-[assemble]-[info]: [thread2]task left in assemble queue: 0
[2019-05-17_12-47-10.262798]-[assemble]-[info]: [thread2] **************task1 assemble finished****************
[2019-05-17_12-47-10.266835]-[Execution]-[info]: [thred_3] receive: task1
[2019-05-17_12-47-10.267352]-[Execution]-[info]: [thred_3] append task1 to task_list
[2019-05-17_12-47-10.267854]-[Execution]-[info]: [thred_3] task_list now is [<Framework_Kernel.task.Task object at 0x000001FE2C9DCDD8>]
[2019-05-17_12-47-11.015487]-[framework]-[info]: assembly engine current status is True
[2019-05-17_12-47-11.015989]-[framework]-[info]: execution engine current status is True
[2019-05-17_12-47-11.269298]-[assemble]-[info]: [thread2] ************************ Begine to assemble... **********************
[2019-05-17_12-47-12.264990]-[Execution]-[info]: [thred_4] task_list left: 1
[2019-05-17_12-47-12.265490]-[Execute Queue]-[info]: Execute Queue deploy task1 to uut1 with windows_deploy_server1
[2019-05-17_12-47-12.265961]-[Deploy host]-[info]: deploy package: task1 Pass
[2019-05-17_12-47-12.265961]-[Execute Queue]-[info]: Execute Queue execute task1 on uut1
[2019-05-17_12-47-12.266488]-[uut]-[info]: execute task1 on  uut1
[2019-05-17_12-47-12.266964]-[Execute Queue]-[info]: Execute Queue execute task1 on uut2
[2019-05-17_12-47-12.267490]-[uut]-[info]: execute task1 on  uut1
[2019-05-17_12-47-12.267490]-[Execute Queue]-[info]: Execute Queue check status task1 on uut1
[2019-05-17_12-47-12.268006]-[uut]-[info]: check task1 status on uut1
[2019-05-17_12-47-12.268468]-[Execute Queue]-[info]: Execute Queue check status task1 on uut2
[2019-05-17_12-47-12.268970]-[uut]-[info]: check task1 status on uut1
[2019-05-17_12-47-12.269471]-[Execute Queue]-[info]: Execute Queue collect result task1 from uut1
[2019-05-17_12-47-12.269471]-[uut]-[info]: collect task1 result from uut1
[2019-05-17_12-47-12.269996]-[Execute Queue]-[info]: Execute Queue collect result task1 from uut2
[2019-05-17_12-47-12.270494]-[uut]-[info]: collect task1 result from uut1
[2019-05-17_12-47-12.304563]-[report]-[info]: generate task1.html finished
[2019-05-17_12-47-12.305065]-[Execution]-[info]: [thred_4] remove task1 from task_list
[2019-05-17_12-47-12.305565]-[Execution]-[info]: [thred_4] remove task1 from execute queue
[2019-05-17_12-47-12.306067]-[Execution]-[info]: [thred_4] task left in execute queue: 0
[2019-05-17_12-47-12.306568]-[Execution]-[info]: [thred_4] task_list now is : []
[2019-05-17_12-47-14.016483]-[framework]-[info]: assembly engine current status is True
[2019-05-17_12-47-14.016984]-[framework]-[info]: execution engine current status is True
