[2019-05-17_11-00-01.641392]-[framework]-[info]: assembly engine current status is True
[2019-05-17_11-00-01.642433]-[framework]-[info]: execution engine current status is True
[2019-05-17_11-00-02.881204]-[assemble]-[info]: #[thread1] ***************begin to refresh queue *****************
[2019-05-17_11-00-02.881728]-[analyzer]-[info]: Load Data from file 
[2019-05-17_11-00-02.882230]-[analyzer]-[info]: generate Data
[2019-05-17_11-00-02.882708]-[assemble]-[info]: [thread1] ***************finish refresh queue *****************
[2019-05-17_11-00-02.882708]-[assemble]-[info]: [thread1] left task in assemble queue: 0
[2019-05-17_11-00-03.880662]-[assemble]-[info]: [thread2] ************************ Begine to assemble... **********************
[2019-05-17_11-00-04.643430]-[framework]-[info]: assembly engine current status is True
[2019-05-17_11-00-04.643922]-[framework]-[info]: execution engine current status is True
[2019-05-17_11-00-05.892112]-[Execution]-[info]: [thred_4] task_list left: 0
[2019-05-17_11-00-05.892615]-[Execution]-[info]: [thred_4] task_list now is : []
[2019-05-17_11-00-07.644807]-[framework]-[info]: assembly engine current status is True
[2019-05-17_11-00-07.645269]-[framework]-[info]: execution engine current status is True
[2019-05-17_11-00-10.645939]-[framework]-[info]: assembly engine current status is True
[2019-05-17_11-00-10.646441]-[framework]-[info]: execution engine current status is True
[2019-05-17_11-00-11.893985]-[Execution]-[info]: [thred_4] task_list left: 0
[2019-05-17_11-00-11.894487]-[Execution]-[info]: [thred_4] task_list now is : []
[2019-05-17_11-00-12.883725]-[assemble]-[info]: #[thread1] ***************begin to refresh queue *****************
[2019-05-17_11-00-12.884226]-[analyzer]-[info]: Load Data from file 
[2019-05-17_11-00-12.884728]-[analyzer]-[info]: generate Data
[2019-05-17_11-00-12.884728]-[assemble]-[info]: [thread1] ***************finish refresh queue *****************
[2019-05-17_11-00-12.885229]-[assemble]-[info]: [thread1] left task in assemble queue: 0
[2019-05-17_11-00-13.647396]-[framework]-[info]: assembly engine current status is True
[2019-05-17_11-00-13.647903]-[framework]-[info]: execution engine current status is True
[2019-05-17_11-00-14.890392]-[assemble]-[info]: [thread2] ************************ Begine to assemble... **********************
[2019-05-17_11-00-16.648468]-[framework]-[info]: assembly engine current status is True
[2019-05-17_11-00-16.648970]-[framework]-[info]: execution engine current status is True
[2019-05-17_11-00-17.895830]-[Execution]-[info]: [thred_4] task_list left: 0
[2019-05-17_11-00-17.896307]-[Execution]-[info]: [thred_4] task_list now is : []
[2019-05-17_11-00-19.650434]-[framework]-[info]: assembly engine current status is True
[2019-05-17_11-00-19.650434]-[framework]-[info]: execution engine current status is True
[2019-05-17_11-00-22.651641]-[framework]-[info]: assembly engine current status is True
[2019-05-17_11-00-22.652132]-[framework]-[info]: execution engine current status is True
[2019-05-17_11-00-22.893236]-[assemble]-[info]: #[thread1] ***************begin to refresh queue *****************
[2019-05-17_11-00-22.893737]-[analyzer]-[info]: Load Data from file 
[2019-05-17_11-00-22.894240]-[analyzer]-[info]: generate Data
[2019-05-17_11-00-22.894740]-[assemble]-[info]: [thread1] ***************finish refresh queue *****************
[2019-05-17_11-00-22.895278]-[assemble]-[info]: [thread1] left task in assemble queue: 0
[2019-05-17_11-00-23.898091]-[Execution]-[info]: [thred_4] task_list left: 0
[2019-05-17_11-00-23.898091]-[Execution]-[info]: [thred_4] task_list now is : []
[2019-05-17_11-00-25.653001]-[framework]-[info]: assembly engine current status is True
[2019-05-17_11-00-25.654503]-[framework]-[info]: execution engine current status is True
[2019-05-17_11-00-25.897872]-[assemble]-[info]: [thread2] ************************ Begine to assemble... **********************
[2019-05-17_11-00-28.655891]-[framework]-[info]: assembly engine current status is True
[2019-05-17_11-00-28.656393]-[framework]-[info]: execution engine current status is True
[2019-05-17_11-00-29.899870]-[Execution]-[info]: [thred_4] task_list left: 0
[2019-05-17_11-00-29.900371]-[Execution]-[info]: [thred_4] task_list now is : []
