[2019-05-17_13-13-11.988070]-[framework]-[info]: Begin to start controller
[2019-05-17_13-13-11.988571]-[framework]-[info]: start configuration engine
[2019-05-17_13-13-12.245250]-[configuration]-[info]: configuration engine PID is 70104
[2019-05-17_13-13-12.245751]-[analyzer]-[info]: Load Data from file 
[2019-05-17_13-13-12.248258]-[analyzer]-[info]: generate Data
[2019-05-17_13-13-12.248759]-[configuration]-[info]: Init windows_build_server1
[2019-05-17_13-13-12.248759]-[configuration]-[info]: Init windows_deploy_server1
[2019-05-17_13-13-12.249260]-[Validator]-[info]: validate windows_build_server1 finished
[2019-05-17_13-13-12.249762]-[Validator]-[info]: validate windows_deploy_server1 finished
[2019-05-17_13-13-12.260519]-[framework]-[info]: configurator  finished
[2019-05-17_13-13-12.261017]-[framework]-[info]: start assemble engine
[2019-05-17_13-13-12.270011]-[framework]-[info]: assemble finished
[2019-05-17_13-13-12.270511]-[framework]-[info]: start execution engine
[2019-05-17_13-13-12.280538]-[framework]-[info]: execution finished
[2019-05-17_13-13-12.537719]-[assemble]-[info]: #[thread1] ***************begin to refresh queue *****************
[2019-05-17_13-13-12.537719]-[assemble]-[info]: [thread2] ************************ Begine to assemble... **********************
[2019-05-17_13-13-12.538753]-[analyzer]-[info]: Load Data from file 
[2019-05-17_13-13-12.542232]-[analyzer]-[info]: generate Data
[2019-05-17_13-13-12.542733]-[assemble]-[info]: [thread1]--insert task3 to assemble queue list
[2019-05-17_13-13-12.544236]-[assemble]-[info]: [thread1] ***************finish refresh queue *****************
[2019-05-17_13-13-12.544738]-[assemble]-[info]: [thread1] left task in assemble queue: 1
[2019-05-17_13-13-13.542223]-[Execution]-[info]: [thred_4] task_list left: 0
[2019-05-17_13-13-13.542756]-[Execution]-[info]: [thred_4] task_list now is : []
[2019-05-17_13-13-15.281742]-[framework]-[info]: assembly engine current status is True
[2019-05-17_13-13-15.281742]-[framework]-[info]: execution engine current status is True
[2019-05-17_13-13-18.283042]-[framework]-[info]: assembly engine current status is True
[2019-05-17_13-13-18.283544]-[framework]-[info]: execution engine current status is True
[2019-05-17_13-13-19.544295]-[Execution]-[info]: [thred_4] task_list left: 0
[2019-05-17_13-13-19.544762]-[Execution]-[info]: [thred_4] task_list now is : []
[2019-05-17_13-13-21.284062]-[framework]-[info]: assembly engine current status is True
[2019-05-17_13-13-21.284527]-[framework]-[info]: execution engine current status is True
[2019-05-17_13-13-22.545571]-[assemble]-[info]: #[thread1] ***************begin to refresh queue *****************
[2019-05-17_13-13-22.546072]-[analyzer]-[info]: Load Data from file 
[2019-05-17_13-13-22.546573]-[analyzer]-[info]: generate Data
[2019-05-17_13-13-22.546573]-[assemble]-[info]: [thread1] ***************finish refresh queue *****************
[2019-05-17_13-13-22.547075]-[assemble]-[info]: [thread1] left task in assemble queue: 1
[2019-05-17_13-13-23.539100]-[assemble]-[info]: [thread2] ************************ Begine to assemble... **********************
[2019-05-17_13-13-23.539547]-[Validator]-[info]: validate uut1 finished
[2019-05-17_13-13-23.540549]-[Validator]-[info]: validate task3 scripts finished
[2019-05-17_13-13-23.541552]-[Assemble Queue]-[info]: Assembly Queue build task3 on windows_build_server1
[2019-05-17_13-13-23.542053]-[Build host]-[info]: build task3 PASS
[2019-05-17_13-13-23.542554]-[assemble]-[info]: [thread2]-Send task3 to Thread3 (execution engine)
[2019-05-17_13-13-23.543055]-[assemble]-[info]: [thread2]-remove task3 from assemble queue list
[2019-05-17_13-13-23.543556]-[assemble]-[info]: [thread2]task left in assemble queue: 0
[2019-05-17_13-13-23.544058]-[assemble]-[info]: [thread2] **************task3 assemble finished****************
[2019-05-17_13-13-23.552080]-[Execution]-[info]: [thred_3] receive: task3
[2019-05-17_13-13-23.552631]-[Execution]-[info]: [thred_3] append task3 to task_list
[2019-05-17_13-13-23.552631]-[Execution]-[info]: [thred_3] task_list now is [<Framework_Kernel.task.Task object at 0x00000204EB4FCC18>]
[2019-05-17_13-13-24.285600]-[framework]-[info]: assembly engine current status is True
[2019-05-17_13-13-24.285600]-[framework]-[info]: execution engine current status is True
[2019-05-17_13-13-24.550593]-[assemble]-[info]: [thread2] ************************ Begine to assemble... **********************
[2019-05-17_13-13-25.546540]-[Execution]-[info]: [thred_4] task_list left: 1
[2019-05-17_13-13-25.547044]-[Execute Queue]-[info]: Execute Queue deploy task3 to uut1 with windows_deploy_server1
[2019-05-17_13-13-25.547544]-[Deploy host]-[info]: deploy package: task3 Pass
[2019-05-17_13-13-25.548044]-[Execute Queue]-[info]: Execute Queue execute task3 on uut1
[2019-05-17_13-13-25.548546]-[uut]-[info]: execute task3 on  uut1
[2019-05-17_13-13-25.549047]-[Execute Queue]-[info]: Execute Queue check status task3 on uut1
[2019-05-17_13-13-25.549548]-[uut]-[info]: check task3 status on uut1
[2019-05-17_13-13-25.549548]-[Execute Queue]-[info]: Execute Queue collect result task3 from uut1
[2019-05-17_13-13-25.550049]-[uut]-[info]: collect task3 result from uut1
[2019-05-17_13-13-25.587649]-[report]-[info]: generate task3.html finished
[2019-05-17_13-13-25.588150]-[Execution]-[info]: [thred_4] remove task3 from task_list
[2019-05-17_13-13-25.588652]-[Execution]-[info]: [thred_4] remove task3 from execute queue
[2019-05-17_13-13-25.589153]-[Execution]-[info]: [thred_4] task left in execute queue: 0
[2019-05-17_13-13-25.589655]-[Execution]-[info]: [thred_4] task_list now is : []
[2019-05-17_13-13-27.286527]-[framework]-[info]: assembly engine current status is True
[2019-05-17_13-13-27.286995]-[framework]-[info]: execution engine current status is True
[2019-05-17_13-13-56.425262]-[framework]-[info]: Begin to start controller
[2019-05-17_13-13-56.425763]-[framework]-[info]: start configuration engine
[2019-05-17_13-13-56.686451]-[configuration]-[info]: configuration engine PID is 72052
[2019-05-17_13-13-56.686927]-[analyzer]-[info]: Load Data from file 
[2019-05-17_13-13-56.688932]-[analyzer]-[info]: generate Data
[2019-05-17_13-13-56.689434]-[configuration]-[info]: Init windows_build_server1
[2019-05-17_13-13-56.689935]-[configuration]-[info]: Init windows_deploy_server1
[2019-05-17_13-13-56.690437]-[Validator]-[info]: validate windows_build_server1 finished
[2019-05-17_13-13-56.690938]-[Validator]-[info]: validate windows_deploy_server1 finished
[2019-05-17_13-13-56.691440]-[framework]-[info]: configurator  finished
[2019-05-17_13-13-56.692442]-[framework]-[info]: start assemble engine
[2019-05-17_13-13-56.700463]-[framework]-[info]: assemble finished
[2019-05-17_13-13-56.701466]-[framework]-[info]: start execution engine
[2019-05-17_13-13-56.710991]-[framework]-[info]: execution finished
[2019-05-17_13-13-56.963160]-[assemble]-[info]: #[thread1] ***************begin to refresh queue *****************
[2019-05-17_13-13-56.963160]-[assemble]-[info]: [thread2] ************************ Begine to assemble... **********************
[2019-05-17_13-13-56.963661]-[analyzer]-[info]: Load Data from file 
[2019-05-17_13-13-56.965666]-[analyzer]-[info]: generate Data
[2019-05-17_13-13-56.966168]-[assemble]-[info]: [thread1]--insert task2 to assemble queue list
[2019-05-17_13-13-56.968676]-[assemble]-[info]: [thread1] ***************finish refresh queue *****************
[2019-05-17_13-13-56.969176]-[assemble]-[info]: [thread1] left task in assemble queue: 1
[2019-05-17_13-13-57.976453]-[Execution]-[info]: [thred_4] task_list left: 0
[2019-05-17_13-13-57.976905]-[Execution]-[info]: [thred_4] task_list now is : []
[2019-05-17_13-13-59.711554]-[framework]-[info]: assembly engine current status is True
[2019-05-17_13-13-59.712074]-[framework]-[info]: execution engine current status is True
