[2019-05-17_12-49-01.067046]-[framework]-[info]: Begin to start controller
[2019-05-17_12-49-01.067547]-[framework]-[info]: start configuration engine
[2019-05-17_12-49-01.372238]-[configuration]-[info]: configuration engine PID is 19028
[2019-05-17_12-49-01.373240]-[analyzer]-[info]: Load Data from file 
[2019-05-17_12-49-01.376279]-[analyzer]-[info]: generate Data
[2019-05-17_12-49-01.376766]-[configuration]-[info]: Init windows_build_server1
[2019-05-17_12-49-01.377251]-[configuration]-[info]: Init windows_deploy_server1
[2019-05-17_12-49-01.377752]-[Validator]-[info]: validate windows_build_server1 finished
[2019-05-17_12-49-01.377752]-[Validator]-[info]: validate windows_deploy_server1 finished
[2019-05-17_12-49-01.388279]-[framework]-[info]: configurator  finished
[2019-05-17_12-49-01.389284]-[framework]-[info]: start assemble engine
[2019-05-17_12-49-01.400311]-[framework]-[info]: assemble finished
[2019-05-17_12-49-01.400814]-[framework]-[info]: start execution engine
[2019-05-17_12-49-01.412845]-[framework]-[info]: execution finished
[2019-05-17_12-49-01.739383]-[assemble]-[info]: #[thread1] ***************begin to refresh queue *****************
[2019-05-17_12-49-01.740896]-[assemble]-[info]: [thread2] ************************ Begine to assemble... **********************
[2019-05-17_12-49-01.742894]-[analyzer]-[info]: Load Data from file 
[2019-05-17_12-49-01.745397]-[analyzer]-[info]: generate Data
[2019-05-17_12-49-01.747403]-[assemble]-[info]: [thread1] ***************finish refresh queue *****************
[2019-05-17_12-49-01.749408]-[assemble]-[info]: [thread1] left task in assemble queue: 0
[2019-05-17_12-49-02.739529]-[Execution]-[info]: [thred_4] task_list left: 0
[2019-05-17_12-49-02.740532]-[Execution]-[info]: [thred_4] task_list now is : []
[2019-05-17_12-49-09.935830]-[framework]-[info]: Begin to start controller
[2019-05-17_12-49-09.936288]-[framework]-[info]: start configuration engine
[2019-05-17_12-49-10.214521]-[configuration]-[info]: configuration engine PID is 71296
[2019-05-17_12-49-10.215022]-[analyzer]-[info]: Load Data from file 
[2019-05-17_12-49-10.217027]-[analyzer]-[info]: generate Data
[2019-05-17_12-49-10.217528]-[configuration]-[info]: Init windows_build_server1
[2019-05-17_12-49-10.218030]-[configuration]-[info]: Init windows_deploy_server1
[2019-05-17_12-49-10.218531]-[Validator]-[info]: validate windows_build_server1 finished
[2019-05-17_12-49-10.218531]-[Validator]-[info]: validate windows_deploy_server1 finished
[2019-05-17_12-49-10.219534]-[framework]-[info]: configurator  finished
[2019-05-17_12-49-10.220035]-[framework]-[info]: start assemble engine
[2019-05-17_12-49-10.229059]-[framework]-[info]: assemble finished
[2019-05-17_12-49-10.229560]-[framework]-[info]: start execution engine
[2019-05-17_12-49-10.241091]-[framework]-[info]: execution finished
[2019-05-17_12-49-10.518322]-[assemble]-[info]: #[thread1] ***************begin to refresh queue *****************
[2019-05-17_12-49-10.518322]-[assemble]-[info]: [thread2] ************************ Begine to assemble... **********************
[2019-05-17_12-49-10.519325]-[analyzer]-[info]: Load Data from file 
[2019-05-17_12-49-10.521862]-[analyzer]-[info]: generate Data
[2019-05-17_12-49-10.522358]-[assemble]-[info]: [thread1]--insert task1 to assemble queue list
[2019-05-17_12-49-10.523860]-[assemble]-[info]: [thread1] ***************finish refresh queue *****************
[2019-05-17_12-49-10.523860]-[assemble]-[info]: [thread1] left task in assemble queue: 1
[2019-05-17_12-49-11.526998]-[Execution]-[info]: [thred_4] task_list left: 0
[2019-05-17_12-49-11.527468]-[Execution]-[info]: [thred_4] task_list now is : []
[2019-05-17_12-49-13.241794]-[framework]-[info]: assembly engine current status is True
[2019-05-17_12-49-13.242295]-[framework]-[info]: execution engine current status is True
[2019-05-17_12-49-16.243616]-[framework]-[info]: assembly engine current status is True
[2019-05-17_12-49-16.244117]-[framework]-[info]: execution engine current status is True
[2019-05-17_12-49-17.528423]-[Execution]-[info]: [thred_4] task_list left: 0
[2019-05-17_12-49-17.529430]-[Execution]-[info]: [thred_4] task_list now is : []
[2019-05-17_12-49-19.245274]-[framework]-[info]: assembly engine current status is True
[2019-05-17_12-49-19.245775]-[framework]-[info]: execution engine current status is True
[2019-05-17_12-49-20.524972]-[assemble]-[info]: #[thread1] ***************begin to refresh queue *****************
[2019-05-17_12-49-20.525474]-[analyzer]-[info]: Load Data from file 
[2019-05-17_12-49-20.525975]-[analyzer]-[info]: generate Data
[2019-05-17_12-49-20.526475]-[assemble]-[info]: [thread1] ***************finish refresh queue *****************
[2019-05-17_12-49-20.526475]-[assemble]-[info]: [thread1] left task in assemble queue: 1
[2019-05-17_12-49-21.519813]-[assemble]-[info]: [thread2] ************************ Begine to assemble... **********************
[2019-05-17_12-49-21.520315]-[Validator]-[info]: validate uut1 finished
[2019-05-17_12-49-21.520816]-[Validator]-[info]: validate uut2 finished
[2019-05-17_12-49-21.521318]-[Validator]-[info]: validate task1 scripts finished
[2019-05-17_12-49-21.521819]-[Assemble Queue]-[info]: Assembly Queue build task1 on windows_build_server1
[2019-05-17_12-49-21.522320]-[Build host]-[info]: build task1 PASS
[2019-05-17_12-49-21.522822]-[assemble]-[info]: [thread2]-Send task1 to Thread3 (execution engine)
[2019-05-17_12-49-21.523323]-[assemble]-[info]: [thread2]-remove task1 from assemble queue list
[2019-05-17_12-49-21.523857]-[assemble]-[info]: [thread2]task left in assemble queue: 0
[2019-05-17_12-49-21.524327]-[assemble]-[info]: [thread2] **************task1 assemble finished****************
[2019-05-17_12-49-21.528869]-[Execution]-[info]: [thred_3] receive: task1
[2019-05-17_12-49-21.529364]-[Execution]-[info]: [thred_3] append task1 to task_list
[2019-05-17_12-49-21.529839]-[Execution]-[info]: [thred_3] task_list now is [<Framework_Kernel.task.Task object at 0x000002095796CC88>]
[2019-05-17_12-49-22.246102]-[framework]-[info]: assembly engine current status is True
[2019-05-17_12-49-22.246552]-[framework]-[info]: execution engine current status is True
[2019-05-17_12-49-22.532486]-[assemble]-[info]: [thread2] ************************ Begine to assemble... **********************
[2019-05-17_12-49-23.530612]-[Execution]-[info]: [thred_4] task_list left: 1
[2019-05-17_12-49-23.531089]-[Execute Queue]-[info]: Execute Queue deploy task1 to uut1 with windows_deploy_server1
[2019-05-17_12-49-23.531089]-[Deploy host]-[info]: deploy package: task1 Pass
[2019-05-17_12-49-23.531590]-[Execute Queue]-[info]: Execute Queue execute task1 on uut1
[2019-05-17_12-49-23.532092]-[uut]-[info]: execute task1 on  uut1
[2019-05-17_12-49-23.532593]-[Execute Queue]-[info]: Execute Queue execute task1 on uut2
[2019-05-17_12-49-23.532593]-[uut]-[info]: execute task1 on  uut1
[2019-05-17_12-49-23.533094]-[Execute Queue]-[info]: Execute Queue check status task1 on uut1
[2019-05-17_12-49-23.533596]-[uut]-[info]: check task1 status on uut1
[2019-05-17_12-49-23.534123]-[Execute Queue]-[info]: Execute Queue check status task1 on uut2
[2019-05-17_12-49-23.534123]-[uut]-[info]: check task1 status on uut1
[2019-05-17_12-49-23.534625]-[Execute Queue]-[info]: Execute Queue collect result task1 from uut1
[2019-05-17_12-49-23.535100]-[uut]-[info]: collect task1 result from uut1
[2019-05-17_12-49-23.535601]-[Execute Queue]-[info]: Execute Queue collect result task1 from uut2
[2019-05-17_12-49-23.536102]-[uut]-[info]: collect task1 result from uut1
[2019-05-17_12-49-23.581721]-[report]-[info]: generate task1.html finished
[2019-05-17_12-49-23.582223]-[Execution]-[info]: [thred_4] remove task1 from task_list
[2019-05-17_12-49-23.582223]-[Execution]-[info]: [thred_4] remove task1 from execute queue
[2019-05-17_12-49-23.582724]-[Execution]-[info]: [thred_4] task left in execute queue: 0
[2019-05-17_12-49-23.583225]-[Execution]-[info]: [thred_4] task_list now is : []
