[2019-05-17_12-43-47.289246]-[framework]-[info]: Begin to start controller
[2019-05-17_12-43-47.289748]-[framework]-[info]: start configuration engine
[2019-05-17_12-43-47.554970]-[configuration]-[info]: configuration engine PID is 68900
[2019-05-17_12-43-47.555473]-[analyzer]-[info]: Load Data from file 
[2019-05-17_12-43-47.557958]-[analyzer]-[info]: generate Data
[2019-05-17_12-43-47.558476]-[configuration]-[info]: Init windows_build_server1
[2019-05-17_12-43-47.558476]-[configuration]-[info]: Init windows_deploy_server1
[2019-05-17_12-43-47.558981]-[Validator]-[info]: validate windows_build_server1 finished
[2019-05-17_12-43-47.559485]-[Validator]-[info]: validate windows_deploy_server1 finished
[2019-05-17_12-43-47.569725]-[framework]-[info]: configurator  finished
[2019-05-17_12-43-47.570226]-[framework]-[info]: start assemble engine
[2019-05-17_12-43-47.578748]-[framework]-[info]: assemble finished
[2019-05-17_12-43-47.579751]-[framework]-[info]: start execution engine
[2019-05-17_12-43-47.590279]-[framework]-[info]: execution finished
[2019-05-17_12-43-47.879541]-[assemble]-[info]: [thread2] ************************ Begine to assemble... **********************
[2019-05-17_12-43-47.880544]-[analyzer]-[info]: Load Data from file 
[2019-05-17_12-43-47.881546]-[analyzer]-[info]: generate Data
[2019-05-17_12-43-47.882047]-[assemble]-[info]: [thread1] ***************finish refresh queue *****************
[2019-05-17_12-43-47.882549]-[assemble]-[info]: [thread1] left task in assemble queue: 0
[2019-05-17_12-43-48.886590]-[Execution]-[info]: [thred_4] task_list left: 0
[2019-05-17_12-43-48.887091]-[Execution]-[info]: [thred_4] task_list now is : []
