[2019-05-17_10-53-12.049557]-[framework]-[info]: Begin to start controller
[2019-05-17_10-53-12.050058]-[framework]-[info]: start configuration engine
[2019-05-17_10-53-12.331302]-[configuration]-[info]: configuration engine PID is 61436
[2019-05-17_10-53-12.331804]-[analyzer]-[info]: Load Data from file 
[2019-05-17_10-53-12.334310]-[analyzer]-[info]: generate Data
[2019-05-17_10-53-12.334813]-[configuration]-[info]: Init windows_build_server1
[2019-05-17_10-53-12.335313]-[configuration]-[info]: Init windows_deploy_server1
[2019-05-17_10-53-12.335814]-[Validator]-[info]: validate windows_build_server1 finished
[2019-05-17_10-53-12.335814]-[Validator]-[info]: validate windows_deploy_server1 finished
[2019-05-17_10-53-12.337318]-[framework]-[info]: configurator  finished
[2019-05-17_10-53-12.337822]-[framework]-[info]: start assemble engine
[2019-05-17_10-53-12.348347]-[framework]-[info]: assemble finished
[2019-05-17_10-53-12.349351]-[framework]-[info]: start execution engine
[2019-05-17_10-53-12.360380]-[framework]-[info]: execution finished
[2019-05-17_10-53-12.790017]-[assemble]-[info]: #[thread1] ***************begin to refresh queue *****************
***********
[2019-05-17_10-53-12.791521]-[analyzer]-[info]: Load Data from file 
[2019-05-17_10-53-12.792022]-[analyzer]-[info]: generate Data
[2019-05-17_10-53-12.793026]-[assemble]-[info]: [thread1] ***************finish refresh queue *****************
[2019-05-17_10-53-12.794533]-[assemble]-[info]: [thread1] left task in assemble queue: 0
[2019-05-17_10-53-13.790666]-[Execution]-[info]: [thred_4] task_list left: 0
[2019-05-17_10-53-13.791668]-[Execution]-[info]: [thred_4] task_list left: 0
[2019-05-17_10-53-15.361563]-[framework]-[info]: assembly engine current status is True
[2019-05-17_10-53-15.362064]-[framework]-[info]: execution engine current status is True
