[2019-05-17_10-59-00.248684]-[framework]-[info]: assembly engine current status is True
[2019-05-17_10-59-00.249193]-[framework]-[info]: execution engine current status is True
[2019-05-17_10-59-01.508738]-[assemble]-[info]: #[thread1] ***************begin to refresh queue *****************
[2019-05-17_10-59-01.509239]-[analyzer]-[info]: Load Data from file 
[2019-05-17_10-59-01.509741]-[analyzer]-[info]: generate Data
[2019-05-17_10-59-01.510242]-[assemble]-[info]: [thread1] ***************finish refresh queue *****************
[2019-05-17_10-59-01.510242]-[assemble]-[info]: [thread1] left task in assemble queue: 0
[2019-05-17_10-59-03.250617]-[framework]-[info]: assembly engine current status is True
[2019-05-17_10-59-03.259854]-[framework]-[info]: execution engine current status is True
[2019-05-17_10-59-04.513428]-[Execution]-[info]: [thred_4] task_list left: 0
[2019-05-17_10-59-04.513428]-[Execution]-[info]: [thred_4] task_list now is : []
[2019-05-17_10-59-05.503172]-[assemble]-[info]: [thread2] ************************ Begine to assemble... **********************
[2019-05-17_10-59-06.261234]-[framework]-[info]: assembly engine current status is True
[2019-05-17_10-59-06.261773]-[framework]-[info]: execution engine current status is True
[2019-05-17_10-59-38.463219]-[framework]-[info]: Begin to start controller
[2019-05-17_10-59-38.463719]-[framework]-[info]: start configuration engine
[2019-05-17_10-59-38.717884]-[configuration]-[info]: configuration engine PID is 24268
[2019-05-17_10-59-38.718343]-[analyzer]-[info]: Load Data from file 
[2019-05-17_10-59-38.720390]-[analyzer]-[info]: generate Data
[2019-05-17_10-59-38.720894]-[configuration]-[info]: Init windows_build_server1
[2019-05-17_10-59-38.721393]-[configuration]-[info]: Init windows_deploy_server1
[2019-05-17_10-59-38.721852]-[Validator]-[info]: validate windows_build_server1 finished
[2019-05-17_10-59-38.722352]-[Validator]-[info]: validate windows_deploy_server1 finished
[2019-05-17_10-59-38.723358]-[framework]-[info]: configurator  finished
[2019-05-17_10-59-38.724360]-[framework]-[info]: start assemble engine
[2019-05-17_10-59-38.732882]-[framework]-[info]: assemble finished
[2019-05-17_10-59-38.733384]-[framework]-[info]: start execution engine
[2019-05-17_10-59-38.743932]-[framework]-[info]: execution finished
[2019-05-17_10-59-39.029689]-[assemble]-[info]: #[thread1] ***************begin to refresh queue *****************
[2019-05-17_10-59-39.030189]-[assemble]-[info]: [thread2] ************************ Begine to assemble... **********************
[2019-05-17_10-59-39.030189]-[analyzer]-[info]: Load Data from file 
[2019-05-17_10-59-39.035704]-[analyzer]-[info]: generate Data
[2019-05-17_10-59-39.036707]-[assemble]-[info]: [thread1]--insert task1 to assemble queue list
[2019-05-17_10-59-39.039715]-[assemble]-[info]: [thread1]--insert task2 to assemble queue list
[2019-05-17_10-59-39.041720]-[assemble]-[info]: [thread1] ***************finish refresh queue *****************
[2019-05-17_10-59-39.042221]-[assemble]-[info]: [thread1] left task in assemble queue: 2
[2019-05-17_10-59-40.042735]-[Execution]-[info]: [thred_4] task_list left: 0
[2019-05-17_10-59-40.043737]-[Execution]-[info]: [thred_4] task_list now is : []
[2019-05-17_10-59-52.347510]-[framework]-[info]: Begin to start controller
[2019-05-17_10-59-52.347510]-[framework]-[info]: start configuration engine
[2019-05-17_10-59-52.612289]-[configuration]-[info]: configuration engine PID is 52464
[2019-05-17_10-59-52.612816]-[analyzer]-[info]: Load Data from file 
[2019-05-17_10-59-52.614821]-[analyzer]-[info]: generate Data
[2019-05-17_10-59-52.615322]-[configuration]-[info]: Init windows_build_server1
[2019-05-17_10-59-52.615825]-[configuration]-[info]: Init windows_deploy_server1
[2019-05-17_10-59-52.615825]-[Validator]-[info]: validate windows_build_server1 finished
[2019-05-17_10-59-52.616336]-[Validator]-[info]: validate windows_deploy_server1 finished
[2019-05-17_10-59-52.616811]-[framework]-[info]: configurator  finished
[2019-05-17_10-59-52.617302]-[framework]-[info]: start assemble engine
[2019-05-17_10-59-52.626326]-[framework]-[info]: assemble finished
[2019-05-17_10-59-52.626828]-[framework]-[info]: start execution engine
[2019-05-17_10-59-52.635350]-[framework]-[info]: execution finished
[2019-05-17_10-59-52.878741]-[assemble]-[info]: #[thread1] ***************begin to refresh queue *****************
[2019-05-17_10-59-52.878741]-[assemble]-[info]: [thread2] ************************ Begine to assemble... **********************
[2019-05-17_10-59-52.879242]-[analyzer]-[info]: Load Data from file 
[2019-05-17_10-59-52.879744]-[analyzer]-[info]: generate Data
[2019-05-17_10-59-52.880245]-[assemble]-[info]: [thread1] ***************finish refresh queue *****************
[2019-05-17_10-59-52.880245]-[assemble]-[info]: [thread1] left task in assemble queue: 0
[2019-05-17_10-59-53.888364]-[Execution]-[info]: [thred_4] task_list left: 0
[2019-05-17_10-59-53.888878]-[Execution]-[info]: [thred_4] task_list now is : []
[2019-05-17_10-59-55.636381]-[framework]-[info]: assembly engine current status is True
[2019-05-17_10-59-55.637385]-[framework]-[info]: execution engine current status is True
[2019-05-17_10-59-58.638247]-[framework]-[info]: assembly engine current status is True
[2019-05-17_10-59-58.638744]-[framework]-[info]: execution engine current status is True
[2019-05-17_10-59-59.890371]-[Execution]-[info]: [thred_4] task_list left: 0
[2019-05-17_10-59-59.890823]-[Execution]-[info]: [thred_4] task_list now is : []
