[2019-05-17_12-59-18.858856]-[framework]-[info]: Begin to start controller
[2019-05-17_12-59-18.859357]-[framework]-[info]: start configuration engine
[2019-05-17_12-59-19.115575]-[configuration]-[info]: configuration engine PID is 62524
[2019-05-17_12-59-19.116081]-[analyzer]-[info]: Load Data from file 
[2019-05-17_12-59-19.118086]-[analyzer]-[info]: generate Data
[2019-05-17_12-59-19.118564]-[configuration]-[info]: Init windows_build_server1
[2019-05-17_12-59-19.119042]-[configuration]-[info]: Init windows_deploy_server1
[2019-05-17_12-59-19.119543]-[Validator]-[info]: validate windows_build_server1 finished
[2019-05-17_12-59-19.119543]-[Validator]-[info]: validate windows_deploy_server1 finished
[2019-05-17_12-59-19.130572]-[framework]-[info]: configurator  finished
[2019-05-17_12-59-19.131073]-[framework]-[info]: start assemble engine
[2019-05-17_12-59-19.141100]-[framework]-[info]: assemble finished
[2019-05-17_12-59-19.141601]-[framework]-[info]: start execution engine
[2019-05-17_12-59-19.151125]-[framework]-[info]: execution finished
[2019-05-17_12-59-19.403793]-[assemble]-[info]: #[thread1] ***************begin to refresh queue *****************
[2019-05-17_12-59-19.404294]-[assemble]-[info]: [thread2] ************************ Begine to assemble... **********************
[2019-05-17_12-59-19.404796]-[analyzer]-[info]: Load Data from file 
[2019-05-17_12-59-19.409306]-[analyzer]-[info]: generate Data
[2019-05-17_12-59-19.409808]-[assemble]-[info]: [thread1]--insert task1 to assemble queue list
[2019-05-17_12-59-19.411311]-[assemble]-[info]: [thread1]--insert task2 to assemble queue list
[2019-05-17_12-59-19.412314]-[assemble]-[info]: [thread1] ***************finish refresh queue *****************
[2019-05-17_12-59-19.412815]-[assemble]-[info]: [thread1] left task in assemble queue: 2
[2019-05-17_12-59-20.407672]-[Execution]-[info]: [thred_4] task_list left: 0
[2019-05-17_12-59-20.408174]-[Execution]-[info]: [thred_4] task_list now is : []
[2019-05-17_12-59-22.151420]-[framework]-[info]: assembly engine current status is True
[2019-05-17_12-59-22.151921]-[framework]-[info]: execution engine current status is True
[2019-05-17_12-59-25.152878]-[framework]-[info]: assembly engine current status is True
[2019-05-17_12-59-25.153380]-[framework]-[info]: execution engine current status is True
[2019-05-17_12-59-26.409109]-[Execution]-[info]: [thred_4] task_list left: 0
[2019-05-17_12-59-26.409610]-[Execution]-[info]: [thred_4] task_list now is : []
[2019-05-17_12-59-28.154617]-[framework]-[info]: assembly engine current status is True
[2019-05-17_12-59-28.155619]-[framework]-[info]: execution engine current status is True
[2019-05-17_12-59-29.413736]-[assemble]-[info]: #[thread1] ***************begin to refresh queue *****************
[2019-05-17_12-59-29.414199]-[analyzer]-[info]: Load Data from file 
[2019-05-17_12-59-29.414696]-[analyzer]-[info]: generate Data
[2019-05-17_12-59-29.415240]-[assemble]-[info]: [thread1] ***************finish refresh queue *****************
[2019-05-17_12-59-29.415240]-[assemble]-[info]: [thread1] left task in assemble queue: 2
[2019-05-17_12-59-30.406058]-[assemble]-[info]: [thread2] ************************ Begine to assemble... **********************
[2019-05-17_12-59-30.406561]-[Validator]-[info]: validate uut1 finished
[2019-05-17_12-59-30.407562]-[Validator]-[info]: validate uut2 finished
[2019-05-17_12-59-30.408065]-[Validator]-[info]: validate task1 scripts finished
[2019-05-17_12-59-30.408565]-[Assemble Queue]-[info]: Assembly Queue build task1 on windows_build_server1
[2019-05-17_12-59-30.409116]-[Build host]-[info]: build task1 PASS
[2019-05-17_12-59-30.409598]-[assemble]-[info]: [thread2]-Send task1 to Thread3 (execution engine)
[2019-05-17_12-59-30.410069]-[assemble]-[info]: [thread2]-remove task1 from assemble queue list
[2019-05-17_12-59-30.410570]-[assemble]-[info]: [thread2]task left in assemble queue: 1
[2019-05-17_12-59-30.411104]-[assemble]-[info]: [thread2] **************task1 assemble finished****************
[2019-05-17_12-59-30.415616]-[Execution]-[info]: [thred_3] receive: task1
[2019-05-17_12-59-30.416587]-[Execution]-[info]: [thred_3] append task1 to task_list
[2019-05-17_12-59-30.416587]-[Execution]-[info]: [thred_3] task_list now is [<Framework_Kernel.task.Task object at 0x00000187344ECDD8>]
[2019-05-17_12-59-31.156468]-[framework]-[info]: assembly engine current status is True
[2019-05-17_12-59-31.156969]-[framework]-[info]: execution engine current status is True
[2019-05-17_12-59-31.417281]-[assemble]-[info]: [thread2] ************************ Begine to assemble... **********************
[2019-05-17_12-59-31.417784]-[Validator]-[info]: validate uut1 finished
[2019-05-17_12-59-31.418284]-[Validator]-[info]: validate task2 scripts finished
[2019-05-17_12-59-31.418788]-[Assemble Queue]-[info]: Assembly Queue build task2 on windows_build_server1
[2019-05-17_12-59-31.419289]-[Build host]-[info]: build task2 PASS
[2019-05-17_12-59-31.419765]-[assemble]-[info]: [thread2]-Send task2 to Thread3 (execution engine)
[2019-05-17_12-59-31.420270]-[assemble]-[info]: [thread2]-remove task2 from assemble queue list
[2019-05-17_12-59-31.420767]-[assemble]-[info]: [thread2]task left in assemble queue: 0
[2019-05-17_12-59-31.421268]-[assemble]-[info]: [thread2] **************task2 assemble finished****************
[2019-05-17_12-59-31.426783]-[Execution]-[info]: [thred_3] receive: task2
[2019-05-17_12-59-31.427308]-[Execution]-[info]: [thred_3] append task2 to task_list
[2019-05-17_12-59-31.427809]-[Execution]-[info]: [thred_3] task_list now is [<Framework_Kernel.task.Task object at 0x00000187344ECDD8>, <Framework_Kernel.task.Task object at 0x00000187344EC5C0>]
[2019-05-17_12-59-32.410405]-[Execution]-[info]: [thred_4] task_list left: 2
[2019-05-17_12-59-32.411409]-[Execute Queue]-[info]: Execute Queue deploy task1 to uut1 with windows_deploy_server1
[2019-05-17_12-59-32.411409]-[Deploy host]-[info]: deploy package: task1 Pass
[2019-05-17_12-59-32.411909]-[Execute Queue]-[info]: Execute Queue execute task1 on uut1
[2019-05-17_12-59-32.412410]-[uut]-[info]: execute task1 on  uut1
[2019-05-17_12-59-32.412912]-[Execute Queue]-[info]: Execute Queue execute task1 on uut2
[2019-05-17_12-59-32.412912]-[uut]-[info]: execute task1 on  uut1
[2019-05-17_12-59-32.413413]-[Execute Queue]-[info]: Execute Queue check status task1 on uut1
[2019-05-17_12-59-32.413914]-[uut]-[info]: check task1 status on uut1
[2019-05-17_12-59-32.414416]-[Execute Queue]-[info]: Execute Queue check status task1 on uut2
[2019-05-17_12-59-32.414416]-[uut]-[info]: check task1 status on uut1
[2019-05-17_12-59-32.414917]-[Execute Queue]-[info]: Execute Queue collect result task1 from uut1
[2019-05-17_12-59-32.415418]-[uut]-[info]: collect task1 result from uut1
[2019-05-17_12-59-32.415418]-[Execute Queue]-[info]: Execute Queue collect result task1 from uut2
[2019-05-17_12-59-32.415919]-[uut]-[info]: collect task1 result from uut1
[2019-05-17_12-59-32.430498]-[assemble]-[info]: [thread2] ************************ Begine to assemble... **********************
