[2019-05-17_13-30-00.352967]-[framework]-[info]: Begin to start controller
[2019-05-17_13-30-00.353972]-[framework]-[info]: start configuration engine
[2019-05-17_13-30-00.615696]-[configuration]-[info]: configuration engine PID is 71028
[2019-05-17_13-30-00.616680]-[analyzer]-[info]: Load Data from file 
[2019-05-17_13-30-00.618661]-[analyzer]-[info]: generate Data
[2019-05-17_13-30-00.619186]-[configuration]-[info]: Init windows_build_server1
[2019-05-17_13-30-00.619664]-[configuration]-[info]: Init windows_deploy_server1
[2019-05-17_13-30-00.619664]-[Validator]-[info]: validate windows_build_server1 finished
[2019-05-17_13-30-00.620167]-[Validator]-[info]: validate windows_deploy_server1 finished
[2019-05-17_13-30-00.630728]-[framework]-[info]: configurator  finished
[2019-05-17_13-30-00.631727]-[framework]-[info]: start assemble engine
[2019-05-17_13-30-00.640720]-[framework]-[info]: assemble finished
[2019-05-17_13-30-00.641221]-[framework]-[info]: start execution engine
[2019-05-17_13-30-00.650802]-[framework]-[info]: execution finished
[2019-05-17_13-30-00.940014]-[assemble]-[info]: #[thread1] ***************begin to refresh queue *****************
[2019-05-17_13-30-00.940014]-[assemble]-[info]: [thread2] ************************ Begine to assemble... **********************
[2019-05-17_13-30-00.940515]-[assemble]-[info]: [thread2]************************ no task in list **********************
[2019-05-17_13-30-00.941017]-[assemble]-[info]: [thread2]************************ wait for new task to assemble **********************
[2019-05-17_13-30-01.950860]-[Execution]-[info]: [thread_4] task_list left: 0
[2019-05-17_13-30-01.951361]-[Execution]-[info]: [thread_4] task_list now is : []
[2019-05-17_13-30-07.953801]-[Execution]-[info]: [thread_4] task_list left: 0
[2019-05-17_13-30-07.954302]-[Execution]-[info]: [thread_4] task_list now is : []
[2019-05-17_13-30-09.942129]-[analyzer]-[info]: Load Data from file 
[2019-05-17_13-30-09.945138]-[analyzer]-[info]: generate Data
[2019-05-17_13-30-09.945640]-[assemble]-[info]: [thread1]--insert task3 to assemble queue list
[2019-05-17_13-30-09.947155]-[assemble]-[info]: [thread1] ***************finish refresh queue *****************
[2019-05-17_13-30-09.947644]-[assemble]-[info]: [thread1] left task in assemble queue: 1
[2019-05-17_13-30-11.942467]-[assemble]-[info]: [thread2] ************************ Begine to assemble... **********************
[2019-05-17_13-30-11.943017]-[Validator]-[info]: validate uut1 finished
[2019-05-17_13-30-11.943502]-[Validator]-[info]: validate task3 scripts finished
[2019-05-17_13-30-11.944471]-[Assemble Queue]-[info]: Assembly Queue build task3 on windows_build_server1
[2019-05-17_13-30-11.945027]-[Build host]-[info]: build task3 PASS
[2019-05-17_13-30-11.945979]-[assemble]-[info]: [thread2]-Send task3 to Thread3 (execution engine)
[2019-05-17_13-30-11.946978]-[assemble]-[info]: [thread2]-remove task3 from assemble queue list
[2019-05-17_13-30-11.947480]-[assemble]-[info]: [thread2]task left in assemble queue: 0
[2019-05-17_13-30-11.947981]-[assemble]-[info]: [thread2] **************task3 assemble finished****************
[2019-05-17_13-30-12.007012]-[Execution]-[info]: [thread_3] receive: task3
[2019-05-17_13-30-12.007539]-[Execution]-[info]: [thread_3] append task3 to task_list
[2019-05-17_13-30-12.007539]-[Execution]-[info]: [thread_3] task_list now is ['task3']
[2019-05-17_13-30-12.949493]-[assemble]-[info]: [thread2] ************************ Begine to assemble... **********************
[2019-05-17_13-30-12.949994]-[assemble]-[info]: [thread2]************************ no task in list **********************
[2019-05-17_13-30-12.950495]-[assemble]-[info]: [thread2]************************ wait for new task to assemble **********************
[2019-05-17_13-30-13.955950]-[Execution]-[info]: [thread_4] task_list left: 1
[2019-05-17_13-30-13.956463]-[Execute Queue]-[info]: Execute Queue deploy task3 to uut1 with windows_deploy_server1
[2019-05-17_13-30-13.956463]-[Deploy host]-[info]: deploy package: task3 Pass
[2019-05-17_13-30-13.956953]-[Execute Queue]-[info]: Execute Queue execute task3 on uut1
[2019-05-17_13-30-13.957454]-[uut]-[info]: execute task3 on  uut1
[2019-05-17_13-30-13.957955]-[Execute Queue]-[info]: Execute Queue check status task3 on uut1
[2019-05-17_13-30-13.957955]-[uut]-[info]: check task3 status on uut1
[2019-05-17_13-30-13.958457]-[Execute Queue]-[info]: Execute Queue collect result task3 from uut1
[2019-05-17_13-30-13.958958]-[uut]-[info]: collect task3 result from uut1
[2019-05-17_13-30-13.996057]-[report]-[info]: generate task3.html finished
[2019-05-17_13-30-13.996558]-[Execution]-[info]: [thread_4] remove task3 from task_list
[2019-05-17_13-30-13.997059]-[Execution]-[info]: [thread_4] remove task3 from execute queue
[2019-05-17_13-30-13.997560]-[Execution]-[info]: [thread_4] task left in execute queue: 0
[2019-05-17_13-30-13.997560]-[Execution]-[info]: [thread_4] task_list now is : []
[2019-05-17_13-30-15.651953]-[framework]-[info]: assembly engine current status is True
[2019-05-17_13-30-15.652451]-[framework]-[info]: execution engine current status is True
[2019-05-17_13-30-19.948542]-[assemble]-[info]: #[thread1] ***************begin to refresh queue *****************
[2019-05-17_13-30-20.004651]-[Execution]-[info]: [thread_4] task_list left: 0
[2019-05-17_13-30-20.005101]-[Execution]-[info]: [thread_4] task_list now is : []
[2019-05-17_13-30-23.952348]-[assemble]-[info]: [thread2] ************************ Begine to assemble... **********************
[2019-05-17_13-30-23.952845]-[assemble]-[info]: [thread2]************************ no task in list **********************
[2019-05-17_13-30-23.953295]-[assemble]-[info]: [thread2]************************ wait for new task to assemble **********************
[2019-05-17_13-30-26.006726]-[Execution]-[info]: [thread_4] task_list left: 0
[2019-05-17_13-30-26.007228]-[Execution]-[info]: [thread_4] task_list now is : []
[2019-05-17_13-30-30.653235]-[framework]-[info]: assembly engine current status is True
[2019-05-17_13-30-30.653761]-[framework]-[info]: execution engine current status is True
[2019-05-17_13-30-31.951110]-[analyzer]-[info]: Load Data from file 
[2019-05-17_13-30-31.951612]-[analyzer]-[info]: generate Data
[2019-05-17_13-30-31.952116]-[assemble]-[info]: [thread1] ***************finish refresh queue *****************
[2019-05-17_13-30-31.952116]-[assemble]-[info]: [thread1] left task in assemble queue: 0
[2019-05-17_13-30-32.015078]-[Execution]-[info]: [thread_4] task_list left: 0
[2019-05-17_13-30-32.015612]-[Execution]-[info]: [thread_4] task_list now is : []
