[2019-05-17_12-40-43.968801]-[framework]-[info]: Begin to start controller
[2019-05-17_12-40-43.969338]-[framework]-[info]: start configuration engine
[2019-05-17_12-40-44.233498]-[configuration]-[info]: configuration engine PID is 32492
[2019-05-17_12-40-44.234501]-[analyzer]-[info]: Load Data from file 
[2019-05-17_12-40-44.237039]-[analyzer]-[info]: generate Data
[2019-05-17_12-40-44.237538]-[configuration]-[info]: Init windows_build_server1
[2019-05-17_12-40-44.237538]-[configuration]-[info]: Init windows_deploy_server1
[2019-05-17_12-40-44.238014]-[Validator]-[info]: validate windows_build_server1 finished
[2019-05-17_12-40-44.238511]-[Validator]-[info]: validate windows_deploy_server1 finished
[2019-05-17_12-40-44.248784]-[framework]-[info]: configurator  finished
[2019-05-17_12-40-44.249287]-[framework]-[info]: start assemble engine
[2019-05-17_12-40-44.260316]-[framework]-[info]: assemble finished
[2019-05-17_12-40-44.260817]-[framework]-[info]: start execution engine
[2019-05-17_12-40-44.272345]-[framework]-[info]: execution finished
[2019-05-17_12-40-44.556971]-[assemble]-[info]: [thread2] ************************ Begine to assemble... **********************
[2019-05-17_12-40-44.557472]-[analyzer]-[info]: Load Data from file 
[2019-05-17_12-40-44.563519]-[analyzer]-[info]: generate Data
[2019-05-17_12-40-44.564020]-[assemble]-[info]: [thread1]--insert task1 to assemble queue list
[2019-05-17_12-40-44.565493]-[assemble]-[info]: [thread1]--insert task2 to assemble queue list
[2019-05-17_12-40-44.566495]-[assemble]-[info]: [thread1]--insert task3 to assemble queue list
[2019-05-17_12-40-44.567999]-[assemble]-[info]: [thread1]--insert task4 to assemble queue list
[2019-05-17_12-40-44.569534]-[assemble]-[info]: [thread1] ***************finish refresh queue *****************
[2019-05-17_12-40-44.569534]-[assemble]-[info]: [thread1] left task in assemble queue: 4
[2019-05-17_12-40-45.558137]-[Execution]-[info]: [thred_4] task_list left: 0
[2019-05-17_12-40-45.558638]-[Execution]-[info]: [thred_4] task_list now is : []
[2019-05-17_12-40-47.273687]-[framework]-[info]: assembly engine current status is True
[2019-05-17_12-40-47.274189]-[framework]-[info]: execution engine current status is True
[2019-05-17_12-40-50.275255]-[framework]-[info]: assembly engine current status is True
[2019-05-17_12-40-50.275722]-[framework]-[info]: execution engine current status is True
[2019-05-17_12-40-51.559709]-[Execution]-[info]: [thred_4] task_list left: 0
[2019-05-17_12-40-51.560211]-[Execution]-[info]: [thred_4] task_list now is : []
[2019-05-17_12-40-53.276146]-[framework]-[info]: assembly engine current status is True
[2019-05-17_12-40-53.276621]-[framework]-[info]: execution engine current status is True
[2019-05-17_12-40-54.570882]-[assemble]-[info]: #[thread1] ***************begin to refresh queue *****************
[2019-05-17_12-40-54.571383]-[analyzer]-[info]: Load Data from file 
[2019-05-17_12-40-54.571901]-[analyzer]-[info]: generate Data
[2019-05-17_12-40-54.572382]-[assemble]-[info]: [thread1] ***************finish refresh queue *****************
[2019-05-17_12-40-54.572382]-[assemble]-[info]: [thread1] left task in assemble queue: 4
[2019-05-17_12-40-55.558434]-[assemble]-[info]: [thread2] ************************ Begine to assemble... **********************
[2019-05-17_12-40-55.558434]-[Validator]-[info]: validate uut1 finished
[2019-05-17_12-40-55.558963]-[Validator]-[info]: validate uut2 finished
[2019-05-17_12-40-55.559428]-[Validator]-[info]: validate task1 scripts finished
[2019-05-17_12-40-55.559963]-[Assemble Queue]-[info]: Assembly Queue build task1 on windows_build_server1
[2019-05-17_12-40-55.559963]-[Build host]-[info]: build task1 PASS
[2019-05-17_12-40-55.560932]-[assemble]-[info]: [thread2]-Send task1 to Thread3 (execution engine)
[2019-05-17_12-40-55.560932]-[assemble]-[info]: [thread2]-remove task1 from assemble queue list
[2019-05-17_12-40-55.561472]-[assemble]-[info]: [thread2]task left in assemble queue: 3
[2019-05-17_12-40-55.561967]-[assemble]-[info]: [thread2] **************task1 assemble finished****************
[2019-05-17_12-40-55.567449]-[Execution]-[info]: [thred_3] receive: task1
[2019-05-17_12-40-55.568452]-[Execution]-[info]: [thred_3] append task1 to task_list
[2019-05-17_12-40-55.568953]-[Execution]-[info]: [thred_3] task_list now is [<Framework_Kernel.task.Task object at 0x00000182D4BCDF28>]
[2019-05-17_12-40-56.277735]-[framework]-[info]: assembly engine current status is True
[2019-05-17_12-40-56.278205]-[framework]-[info]: execution engine current status is True
[2019-05-17_12-40-56.570231]-[assemble]-[info]: [thread2] ************************ Begine to assemble... **********************
[2019-05-17_12-40-56.570683]-[Validator]-[info]: validate uut1 finished
[2019-05-17_12-40-56.571184]-[Validator]-[info]: validate task2 scripts finished
[2019-05-17_12-40-56.571686]-[Assemble Queue]-[info]: Assembly Queue build task2 on windows_build_server1
[2019-05-17_12-40-56.571686]-[Build host]-[info]: build task2 PASS
[2019-05-17_12-40-56.572211]-[assemble]-[info]: [thread2]-Send task2 to Thread3 (execution engine)
[2019-05-17_12-40-56.572712]-[assemble]-[info]: [thread2]-remove task2 from assemble queue list
[2019-05-17_12-40-56.573188]-[assemble]-[info]: [thread2]task left in assemble queue: 2
[2019-05-17_12-40-56.573690]-[assemble]-[info]: [thread2] **************task2 assemble finished****************
[2019-05-17_12-40-56.578203]-[Execution]-[info]: [thred_3] receive: task2
[2019-05-17_12-40-56.578704]-[Execution]-[info]: [thred_3] append task2 to task_list
[2019-05-17_12-40-56.579229]-[Execution]-[info]: [thred_3] task_list now is [<Framework_Kernel.task.Task object at 0x00000182D4BCDF28>, <Framework_Kernel.task.Task object at 0x00000182D4BCDEF0>]
[2019-05-17_12-40-57.561871]-[Execution]-[info]: [thred_4] task_list left: 2
[2019-05-17_12-40-57.562371]-[Execute Queue]-[info]: Execute Queue deploy task1 to uut1 with windows_deploy_server1
[2019-05-17_12-40-57.562371]-[Deploy host]-[info]: deploy package: task1 Pass
[2019-05-17_12-40-57.562877]-[Execute Queue]-[info]: Execute Queue execute task1 on uut1
[2019-05-17_12-40-57.563350]-[uut]-[info]: execute task1 on  uut1
[2019-05-17_12-40-57.563852]-[Execute Queue]-[info]: Execute Queue execute task1 on uut2
[2019-05-17_12-40-57.563852]-[uut]-[info]: execute task1 on  uut1
[2019-05-17_12-40-57.564377]-[Execute Queue]-[info]: Execute Queue check status task1 on uut1
[2019-05-17_12-40-57.564854]-[uut]-[info]: check task1 status on uut1
[2019-05-17_12-40-57.565356]-[Execute Queue]-[info]: Execute Queue check status task1 on uut2
[2019-05-17_12-40-57.565857]-[uut]-[info]: check task1 status on uut1
[2019-05-17_12-40-57.566358]-[Execute Queue]-[info]: Execute Queue collect result task1 from uut1
[2019-05-17_12-40-57.567360]-[uut]-[info]: collect task1 result from uut1
[2019-05-17_12-40-57.567863]-[Execute Queue]-[info]: Execute Queue collect result task1 from uut2
[2019-05-17_12-40-57.568365]-[uut]-[info]: collect task1 result from uut1
[2019-05-17_12-40-57.580897]-[assemble]-[info]: [thread2] ************************ Begine to assemble... **********************
[2019-05-17_12-40-57.581398]-[Validator]-[info]: validate uut1 finished
[2019-05-17_12-40-57.581900]-[Validator]-[info]: validate task3 scripts finished
[2019-05-17_12-40-57.582401]-[Assemble Queue]-[info]: Assembly Queue build task3 on windows_build_server1
[2019-05-17_12-40-57.582903]-[Build host]-[info]: build task3 PASS
[2019-05-17_12-40-57.583904]-[assemble]-[info]: [thread2]-Send task3 to Thread3 (execution engine)
[2019-05-17_12-40-57.584405]-[assemble]-[info]: [thread2]-remove task3 from assemble queue list
[2019-05-17_12-40-57.584907]-[assemble]-[info]: [thread2]task left in assemble queue: 1
[2019-05-17_12-40-57.585409]-[assemble]-[info]: [thread2] **************task3 assemble finished****************
[2019-05-17_12-40-57.601452]-[Execution]-[info]: [thred_3] receive: task3
[2019-05-17_12-40-57.602453]-[Execution]-[info]: [thred_3] append task3 to task_list
[2019-05-17_12-40-57.602957]-[Execution]-[info]: [thred_3] task_list now is [<Framework_Kernel.task.Task object at 0x00000182D4BCDF28>, <Framework_Kernel.task.Task object at 0x00000182D4BCDEF0>, <Framework_Kernel.task.Task object at 0x00000182D4BCD550>]
[2019-05-17_12-40-57.603444]-[Execution]-[info]: [thred_4] remove task1 from task_list
[2019-05-17_12-40-57.603979]-[Execution]-[info]: [thred_4] remove task1 from execute queue
[2019-05-17_12-40-57.604482]-[Execution]-[info]: [thred_4] task left in execute queue: 2
[2019-05-17_12-40-57.604482]-[Execution]-[info]: [thred_4] task_list now is : ['task2', 'task3']
[2019-05-17_12-40-58.586418]-[assemble]-[info]: [thread2] ************************ Begine to assemble... **********************
[2019-05-17_12-40-58.587455]-[Validator]-[info]: validate uut4 finished
[2019-05-17_12-40-58.587923]-[Validator]-[info]: validate task4 scripts finished
[2019-05-17_12-40-58.587923]-[Assemble Queue]-[info]: Assembly Queue build task4 on windows_build_server1
[2019-05-17_12-40-58.588424]-[Build host]-[info]: build task4 PASS
[2019-05-17_12-40-58.588925]-[assemble]-[info]: [thread2]-Send task4 to Thread3 (execution engine)
[2019-05-17_12-40-58.589455]-[assemble]-[info]: [thread2]-remove task4 from assemble queue list
[2019-05-17_12-40-58.589958]-[assemble]-[info]: [thread2]task left in assemble queue: 0
[2019-05-17_12-40-58.589958]-[assemble]-[info]: [thread2] **************task4 assemble finished****************
[2019-05-17_12-40-58.611517]-[Execution]-[info]: [thred_3] receive: task4
[2019-05-17_12-40-58.612032]-[Execution]-[info]: [thred_3] append task4 to task_list
[2019-05-17_12-40-58.612517]-[Execution]-[info]: [thred_3] task_list now is [<Framework_Kernel.task.Task object at 0x00000182D4BCDEF0>, <Framework_Kernel.task.Task object at 0x00000182D4BCD550>, <Framework_Kernel.task.Task object at 0x00000182D4BCDF28>]
[2019-05-17_12-40-59.278974]-[framework]-[info]: assembly engine current status is True
[2019-05-17_12-40-59.279426]-[framework]-[info]: execution engine current status is True
[2019-05-17_12-40-59.596590]-[assemble]-[info]: [thread2] ************************ Begine to assemble... **********************
