[2019-05-17_12-50-31.850063]-[framework]-[info]: Begin to start controller
[2019-05-17_12-50-31.851067]-[framework]-[info]: start configuration engine
[2019-05-17_12-50-32.112817]-[configuration]-[info]: configuration engine PID is 71848
[2019-05-17_12-50-32.113319]-[analyzer]-[info]: Load Data from file 
[2019-05-17_12-50-32.115323]-[analyzer]-[info]: generate Data
[2019-05-17_12-50-32.115825]-[configuration]-[info]: Init windows_build_server1
[2019-05-17_12-50-32.116326]-[configuration]-[info]: Init windows_deploy_server1
[2019-05-17_12-50-32.116326]-[Validator]-[info]: validate windows_build_server1 finished
[2019-05-17_12-50-32.116827]-[Validator]-[info]: validate windows_deploy_server1 finished
[2019-05-17_12-50-32.126760]-[framework]-[info]: configurator  finished
[2019-05-17_12-50-32.127229]-[framework]-[info]: start assemble engine
[2019-05-17_12-50-32.136755]-[framework]-[info]: assemble finished
[2019-05-17_12-50-32.137256]-[framework]-[info]: start execution engine
[2019-05-17_12-50-32.146281]-[framework]-[info]: execution finished
[2019-05-17_12-50-32.428023]-[assemble]-[info]: #[thread1] ***************begin to refresh queue *****************
[2019-05-17_12-50-32.428023]-[assemble]-[info]: [thread2] ************************ Begine to assemble... **********************
[2019-05-17_12-50-32.428524]-[analyzer]-[info]: Load Data from file 
[2019-05-17_12-50-32.431031]-[analyzer]-[info]: generate Data
[2019-05-17_12-50-32.431532]-[assemble]-[info]: [thread1]--insert task1 to assemble queue list
[2019-05-17_12-50-32.432534]-[assemble]-[info]: [thread1] ***************finish refresh queue *****************
[2019-05-17_12-50-32.433036]-[assemble]-[info]: [thread1] left task in assemble queue: 1
[2019-05-17_12-50-33.429254]-[Execution]-[info]: [thred_4] task_list left: 0
[2019-05-17_12-50-33.429730]-[Execution]-[info]: [thred_4] task_list now is : []
[2019-05-17_12-50-35.147331]-[framework]-[info]: assembly engine current status is True
[2019-05-17_12-50-35.147782]-[framework]-[info]: execution engine current status is True
[2019-05-17_12-50-38.147985]-[framework]-[info]: assembly engine current status is True
[2019-05-17_12-50-38.149017]-[framework]-[info]: execution engine current status is True
[2019-05-17_12-50-39.430472]-[Execution]-[info]: [thred_4] task_list left: 0
[2019-05-17_12-50-39.430976]-[Execution]-[info]: [thred_4] task_list now is : []
[2019-05-17_12-50-41.149325]-[framework]-[info]: assembly engine current status is True
[2019-05-17_12-50-41.150295]-[framework]-[info]: execution engine current status is True
[2019-05-17_12-50-42.435006]-[assemble]-[info]: #[thread1] ***************begin to refresh queue *****************
[2019-05-17_12-50-42.436007]-[analyzer]-[info]: Load Data from file 
[2019-05-17_12-50-42.436509]-[analyzer]-[info]: generate Data
[2019-05-17_12-50-42.437010]-[assemble]-[info]: [thread1] ***************finish refresh queue *****************
[2019-05-17_12-50-42.437511]-[assemble]-[info]: [thread1] left task in assemble queue: 1
[2019-05-17_12-50-43.428927]-[assemble]-[info]: [thread2] ************************ Begine to assemble... **********************
[2019-05-17_12-50-43.429395]-[Validator]-[info]: validate uut1 finished
[2019-05-17_12-50-43.429897]-[Validator]-[info]: validate uut2 finished
[2019-05-17_12-50-43.429897]-[Validator]-[info]: validate task1 scripts finished
[2019-05-17_12-50-43.430449]-[Assemble Queue]-[info]: Assembly Queue build task1 on windows_build_server1
[2019-05-17_12-50-43.430965]-[Build host]-[info]: build task1 PASS
[2019-05-17_12-50-43.431401]-[assemble]-[info]: [thread2]-Send task1 to Thread3 (execution engine)
[2019-05-17_12-50-43.431941]-[assemble]-[info]: [thread2]-remove task1 from assemble queue list
[2019-05-17_12-50-43.432403]-[assemble]-[info]: [thread2]task left in assemble queue: 0
[2019-05-17_12-50-43.432937]-[assemble]-[info]: [thread2] **************task1 assemble finished****************
[2019-05-17_12-50-43.437950]-[Execution]-[info]: [thred_3] receive: task1
[2019-05-17_12-50-43.438954]-[Execution]-[info]: [thred_3] append task1 to task_list
[2019-05-17_12-50-43.438954]-[Execution]-[info]: [thred_3] task_list now is [<Framework_Kernel.task.Task object at 0x000001F83A84CE10>]
[2019-05-17_12-50-44.150770]-[framework]-[info]: assembly engine current status is True
[2019-05-17_12-50-44.151773]-[framework]-[info]: execution engine current status is True
[2019-05-17_12-50-44.441622]-[assemble]-[info]: [thread2] ************************ Begine to assemble... **********************
[2019-05-17_12-50-45.432198]-[Execution]-[info]: [thred_4] task_list left: 1
[2019-05-17_12-50-45.432700]-[Execute Queue]-[info]: Execute Queue deploy task1 to uut1 with windows_deploy_server1
[2019-05-17_12-50-45.433199]-[Deploy host]-[info]: deploy package: task1 Pass
[2019-05-17_12-50-45.433701]-[Execute Queue]-[info]: Execute Queue execute task1 on uut1
[2019-05-17_12-50-45.434202]-[uut]-[info]: execute task1 on  uut1
[2019-05-17_12-50-45.434737]-[Execute Queue]-[info]: Execute Queue execute task1 on uut2
[2019-05-17_12-50-45.435204]-[uut]-[info]: execute task1 on  uut1
[2019-05-17_12-50-45.435706]-[Execute Queue]-[info]: Execute Queue check status task1 on uut1
[2019-05-17_12-50-45.436207]-[uut]-[info]: check task1 status on uut1
[2019-05-17_12-50-45.436709]-[Execute Queue]-[info]: Execute Queue check status task1 on uut2
[2019-05-17_12-50-45.437255]-[uut]-[info]: check task1 status on uut1
[2019-05-17_12-50-45.437255]-[Execute Queue]-[info]: Execute Queue collect result task1 from uut1
[2019-05-17_12-50-45.437711]-[uut]-[info]: collect task1 result from uut1
[2019-05-17_12-50-45.438213]-[Execute Queue]-[info]: Execute Queue collect result task1 from uut2
[2019-05-17_12-50-45.438714]-[uut]-[info]: collect task1 result from uut1
[2019-05-17_12-50-45.473305]-[report]-[info]: generate task1.html finished
[2019-05-17_12-50-45.473859]-[Execution]-[info]: [thred_4] remove task1 from task_list
[2019-05-17_12-50-45.474360]-[Execution]-[info]: [thred_4] remove task1 from execute queue
[2019-05-17_12-50-45.474809]-[Execution]-[info]: [thred_4] task left in execute queue: 0
[2019-05-17_12-50-45.475310]-[Execution]-[info]: [thred_4] task_list now is : []
[2019-05-17_12-50-47.152427]-[framework]-[info]: assembly engine current status is True
[2019-05-17_12-50-47.153432]-[framework]-[info]: execution engine current status is True
[2019-05-17_12-50-50.153957]-[framework]-[info]: assembly engine current status is True
[2019-05-17_12-50-50.154460]-[framework]-[info]: execution engine current status is True
[2019-05-17_12-50-51.476181]-[Execution]-[info]: [thred_4] task_list left: 0
[2019-05-17_12-50-51.476683]-[Execution]-[info]: [thred_4] task_list now is : []
[2019-05-17_12-50-52.438301]-[assemble]-[info]: #[thread1] ***************begin to refresh queue *****************
[2019-05-17_12-50-52.439304]-[analyzer]-[info]: Load Data from file 
[2019-05-17_12-50-52.439805]-[analyzer]-[info]: generate Data
[2019-05-17_12-50-52.439805]-[assemble]-[info]: [thread1] ***************finish refresh queue *****************
[2019-05-17_12-50-52.440349]-[assemble]-[info]: [thread1] left task in assemble queue: 0
[2019-05-17_12-50-53.155477]-[framework]-[info]: assembly engine current status is True
[2019-05-17_12-50-53.155979]-[framework]-[info]: execution engine current status is True
[2019-05-17_12-50-55.443053]-[assemble]-[info]: [thread2] ************************ Begine to assemble... **********************
