[2019-05-17_11-03-00.414742]-[assemble]-[info]: #[thread1] ***************begin to refresh queue *****************
[2019-05-17_11-03-00.415694]-[analyzer]-[info]: Load Data from file 
[2019-05-17_11-03-00.418701]-[analyzer]-[info]: generate Data
[2019-05-17_11-03-00.419203]-[assemble]-[info]: [thread1]--insert task4 to assemble queue list
[2019-05-17_11-03-00.420206]-[assemble]-[info]: [thread1] ***************finish refresh queue *****************
[2019-05-17_11-03-00.420707]-[assemble]-[info]: [thread1] left task in assemble queue: 1
[2019-05-17_11-03-02.123839]-[framework]-[info]: assembly engine current status is True
[2019-05-17_11-03-02.124340]-[framework]-[info]: execution engine current status is True
[2019-05-17_11-03-03.487600]-[Execution]-[info]: [thred_4] task_list left: 1
[2019-05-17_11-03-03.487600]-[Execute Queue]-[info]: Execute Queue deploy task3 to uut1 with windows_deploy_server1
[2019-05-17_11-03-03.488105]-[Deploy host]-[info]: deploy package: task3 Pass
[2019-05-17_11-03-03.488572]-[Execute Queue]-[info]: Execute Queue execute task3 on uut1
[2019-05-17_11-03-03.489104]-[uut]-[info]: execute task3 on  uut1
[2019-05-17_11-03-03.489609]-[Execute Queue]-[info]: Execute Queue check status task3 on uut1
[2019-05-17_11-03-03.489609]-[uut]-[info]: check task3 status on uut1
[2019-05-17_11-03-03.490109]-[Execute Queue]-[info]: Execute Queue collect result task3 from uut1
[2019-05-17_11-03-03.490608]-[uut]-[info]: collect task3 result from uut1
[2019-05-17_11-03-03.521710]-[report]-[info]: generate task3.html finished
[2019-05-17_11-03-03.522161]-[Execution]-[info]: [thred_4] remove task3 from task_list
[2019-05-17_11-03-03.522662]-[Execution]-[info]: [thred_4] remove task3 from execute queue
[2019-05-17_11-03-03.523164]-[Execution]-[info]: [thred_4] task left in execute queue: 0
[2019-05-17_11-03-03.523688]-[Execution]-[info]: [thred_4] task_list now is : []
[2019-05-17_11-03-05.127332]-[framework]-[info]: assembly engine current status is True
[2019-05-17_11-03-05.127827]-[framework]-[info]: execution engine current status is True
[2019-05-17_11-03-08.128626]-[framework]-[info]: assembly engine current status is True
[2019-05-17_11-03-08.129127]-[framework]-[info]: execution engine current status is True
[2019-05-17_11-03-09.525680]-[Execution]-[info]: [thred_4] task_list left: 0
[2019-05-17_11-03-09.526182]-[Execution]-[info]: [thred_4] task_list now is : []
[2019-05-17_11-03-10.421663]-[assemble]-[info]: #[thread1] ***************begin to refresh queue *****************
[2019-05-17_11-03-10.422127]-[analyzer]-[info]: Load Data from file 
[2019-05-17_11-03-10.422629]-[analyzer]-[info]: generate Data
[2019-05-17_11-03-10.422629]-[assemble]-[info]: [thread1] ***************finish refresh queue *****************
[2019-05-17_11-03-10.423161]-[assemble]-[info]: [thread1] left task in assemble queue: 1
[2019-05-17_11-03-10.425525]-[assemble]-[info]: [thread2] ************************ Begine to assemble... **********************
[2019-05-17_11-03-10.426536]-[Validator]-[info]: validate uut4 finished
[2019-05-17_11-03-10.427029]-[Validator]-[info]: validate task4 scripts finished
[2019-05-17_11-03-10.427530]-[Assemble Queue]-[info]: Assembly Queue build task4 on windows_build_server1
[2019-05-17_11-03-10.428031]-[Build host]-[info]: build task4 PASS
[2019-05-17_11-03-10.428532]-[assemble]-[info]: [thread2]-Send task4 to Thread3 (execution engine)
[2019-05-17_11-03-10.429033]-[assemble]-[info]: [thread2]-remove task4 from assemble queue list
[2019-05-17_11-03-10.429033]-[assemble]-[info]: [thread2]task left in assemble queue: 0
[2019-05-17_11-03-10.429535]-[assemble]-[info]: [thread2] **************task4 assemble finished****************
[2019-05-17_11-03-10.434046]-[Execution]-[info]: [thred_3] receive: task4
[2019-05-17_11-03-10.435049]-[Execution]-[info]: [thred_3] append task4 to task_list
[2019-05-17_11-03-10.435550]-[Execution]-[info]: [thred_3] task_list now is [<Framework_Kernel.task.Task object at 0x00000170A4CD0588>]
[2019-05-17_11-03-11.129826]-[framework]-[info]: assembly engine current status is True
[2019-05-17_11-03-11.130328]-[framework]-[info]: execution engine current status is True
[2019-05-17_11-03-11.436629]-[assemble]-[info]: [thread2] ************************ Begine to assemble... **********************
[2019-05-17_11-03-14.130633]-[framework]-[info]: assembly engine current status is True
[2019-05-17_11-03-14.131134]-[framework]-[info]: execution engine current status is True
[2019-05-17_11-03-15.527531]-[Execution]-[info]: [thred_4] task_list left: 1
[2019-05-17_11-03-15.528009]-[Execute Queue]-[info]: Execute Queue deploy task4 to uut4 with windows_deploy_server1
[2019-05-17_11-03-15.528510]-[Deploy host]-[info]: deploy package: task4 Pass
[2019-05-17_11-03-15.528510]-[Execute Queue]-[info]: Execute Queue execute task4 on uut4
[2019-05-17_11-03-15.529035]-[uut]-[info]: execute task4 on  uut4
[2019-05-17_11-03-15.529512]-[Execute Queue]-[info]: Execute Queue check status task4 on uut4
[2019-05-17_11-03-15.530014]-[uut]-[info]: check task4 status on uut4
[2019-05-17_11-03-15.530014]-[Execute Queue]-[info]: Execute Queue collect result task4 from uut4
[2019-05-17_11-03-15.530539]-[uut]-[info]: collect task4 result from uut4
[2019-05-17_11-03-15.562142]-[report]-[info]: generate task4.html finished
[2019-05-17_11-03-15.562643]-[Execution]-[info]: [thred_4] remove task4 from task_list
[2019-05-17_11-03-15.563102]-[Execution]-[info]: [thred_4] remove task4 from execute queue
[2019-05-17_11-03-15.563602]-[Execution]-[info]: [thred_4] task left in execute queue: 0
[2019-05-17_11-03-15.564103]-[Execution]-[info]: [thred_4] task_list now is : []
[2019-05-17_11-03-17.131942]-[framework]-[info]: assembly engine current status is True
[2019-05-17_11-03-17.132394]-[framework]-[info]: execution engine current status is True
[2019-05-17_11-03-20.132845]-[framework]-[info]: assembly engine current status is True
[2019-05-17_11-03-20.133313]-[framework]-[info]: execution engine current status is True
[2019-05-17_11-03-20.429528]-[assemble]-[info]: #[thread1] ***************begin to refresh queue *****************
[2019-05-17_11-03-20.430500]-[analyzer]-[info]: Load Data from file 
[2019-05-17_11-03-20.431002]-[analyzer]-[info]: generate Data
[2019-05-17_11-03-20.431002]-[assemble]-[info]: [thread1] ***************finish refresh queue *****************
[2019-05-17_11-03-20.431554]-[assemble]-[info]: [thread1] left task in assemble queue: 0
[2019-05-17_11-03-21.565571]-[Execution]-[info]: [thred_4] task_list left: 0
[2019-05-17_11-03-21.566611]-[Execution]-[info]: [thred_4] task_list now is : []
